{"/home/travis/build/npmtest/node-npmtest-yadda/test.js":{"path":"/home/travis/build/npmtest/node-npmtest-yadda/test.js","s":{"1":2,"2":2,"3":2,"4":2,"5":2,"6":2,"7":2,"8":1,"9":2,"10":2,"11":1,"12":1,"13":1,"14":1,"15":2,"16":2,"17":2,"18":2,"19":1,"20":1,"21":2,"22":2,"23":2,"24":1,"25":1,"26":1,"27":1,"28":1,"29":1,"30":1,"31":1,"32":1,"33":1,"34":1,"35":1,"36":1,"37":1,"38":1,"39":2,"40":2,"41":1,"42":2,"43":2,"44":1,"45":2,"46":2,"47":1,"48":2,"49":2,"50":1,"51":1,"52":1,"53":1,"54":1},"b":{"1":[2,1,1,1],"2":[1,1,1,1],"3":[1,1],"4":[1,1],"5":[1,1],"6":[1,1],"7":[1,1],"8":[1,1],"9":[1,1],"10":[1,1,1],"11":[1,1],"12":[1,1],"13":[1,1],"14":[1,1],"15":[1,1],"16":[1,1],"17":[1,1]},"f":{"1":2,"2":2,"3":2,"4":2,"5":2,"6":1,"7":1,"8":1,"9":2,"10":2,"11":2,"12":2,"13":1},"fnMap":{"1":{"name":"(anonymous_1)","line":12,"loc":{"start":{"line":12,"column":1},"end":{"line":12,"column":13}}},"2":{"name":"(anonymous_2)","line":19,"loc":{"start":{"line":19,"column":5},"end":{"line":19,"column":17}}},"3":{"name":"(anonymous_3)","line":23,"loc":{"start":{"line":23,"column":24},"end":{"line":23,"column":36}}},"4":{"name":"(anonymous_4)","line":61,"loc":{"start":{"line":61,"column":5},"end":{"line":61,"column":17}}},"5":{"name":"(anonymous_5)","line":82,"loc":{"start":{"line":82,"column":5},"end":{"line":82,"column":17}}},"6":{"name":"(anonymous_6)","line":91,"loc":{"start":{"line":91,"column":77},"end":{"line":94,"column":10}}},"7":{"name":"(anonymous_7)","line":112,"loc":{"start":{"line":112,"column":83},"end":{"line":115,"column":10}},"skip":true},"8":{"name":"(anonymous_8)","line":123,"loc":{"start":{"line":123,"column":77},"end":{"line":126,"column":10}},"skip":true},"9":{"name":"(anonymous_9)","line":139,"loc":{"start":{"line":139,"column":12},"end":{"line":139,"column":40}},"skip":true},"10":{"name":"(anonymous_10)","line":147,"loc":{"start":{"line":147,"column":77},"end":{"line":150,"column":10}},"skip":true},"11":{"name":"(anonymous_11)","line":158,"loc":{"start":{"line":158,"column":83},"end":{"line":161,"column":10}},"skip":true},"12":{"name":"(anonymous_12)","line":169,"loc":{"start":{"line":169,"column":79},"end":{"line":172,"column":10}},"skip":true},"13":{"name":"(anonymous_13)","line":180,"loc":{"start":{"line":180,"column":75},"end":{"line":183,"column":10}},"skip":true}},"statementMap":{"1":{"start":{"line":12,"column":0},"end":{"line":195,"column":5}},"2":{"start":{"line":14,"column":4},"end":{"line":14,"column":14}},"3":{"start":{"line":19,"column":4},"end":{"line":56,"column":9}},"4":{"start":{"line":21,"column":8},"end":{"line":21,"column":19}},"5":{"start":{"line":23,"column":8},"end":{"line":35,"column":13}},"6":{"start":{"line":24,"column":12},"end":{"line":34,"column":13}},"7":{"start":{"line":25,"column":16},"end":{"line":28,"column":30}},"8":{"start":{"line":30,"column":16},"end":{"line":33,"column":27}},"9":{"start":{"line":37,"column":8},"end":{"line":39,"column":21}},"10":{"start":{"line":40,"column":8},"end":{"line":53,"column":9}},"11":{"start":{"line":43,"column":12},"end":{"line":46,"column":14}},"12":{"start":{"line":47,"column":12},"end":{"line":47,"column":18}},"13":{"start":{"line":50,"column":12},"end":{"line":51,"column":33}},"14":{"start":{"line":52,"column":12},"end":{"line":52,"column":18}},"15":{"start":{"line":55,"column":8},"end":{"line":55,"column":35}},"16":{"start":{"line":61,"column":4},"end":{"line":63,"column":9}},"17":{"start":{"line":62,"column":8},"end":{"line":62,"column":15}},"18":{"start":{"line":64,"column":4},"end":{"line":77,"column":5}},"19":{"start":{"line":70,"column":8},"end":{"line":70,"column":14}},"20":{"start":{"line":76,"column":8},"end":{"line":76,"column":14}},"21":{"start":{"line":82,"column":4},"end":{"line":84,"column":9}},"22":{"start":{"line":83,"column":8},"end":{"line":83,"column":15}},"23":{"start":{"line":85,"column":4},"end":{"line":194,"column":5}},"24":{"start":{"line":91,"column":8},"end":{"line":99,"column":10}},"25":{"start":{"line":98,"column":12},"end":{"line":98,"column":35}},"26":{"start":{"line":102,"column":8},"end":{"line":104,"column":63}},"27":{"start":{"line":105,"column":8},"end":{"line":105,"column":14}},"28":{"start":{"line":112,"column":8},"end":{"line":121,"column":10},"skip":true},"29":{"start":{"line":119,"column":12},"end":{"line":119,"column":55},"skip":true},"30":{"start":{"line":120,"column":12},"end":{"line":120,"column":48},"skip":true},"31":{"start":{"line":123,"column":8},"end":{"line":136,"column":10},"skip":true},"32":{"start":{"line":130,"column":12},"end":{"line":130,"column":76},"skip":true},"33":{"start":{"line":131,"column":12},"end":{"line":131,"column":73},"skip":true},"34":{"start":{"line":132,"column":12},"end":{"line":132,"column":74},"skip":true},"35":{"start":{"line":133,"column":12},"end":{"line":133,"column":79},"skip":true},"36":{"start":{"line":134,"column":12},"end":{"line":134,"column":25},"skip":true},"37":{"start":{"line":135,"column":12},"end":{"line":135,"column":45},"skip":true},"38":{"start":{"line":138,"column":8},"end":{"line":145,"column":14},"skip":true},"39":{"start":{"line":143,"column":16},"end":{"line":143,"column":29},"skip":true},"40":{"start":{"line":144,"column":16},"end":{"line":144,"column":55},"skip":true},"41":{"start":{"line":147,"column":8},"end":{"line":156,"column":10},"skip":true},"42":{"start":{"line":154,"column":12},"end":{"line":154,"column":25},"skip":true},"43":{"start":{"line":155,"column":12},"end":{"line":155,"column":45},"skip":true},"44":{"start":{"line":158,"column":8},"end":{"line":167,"column":10},"skip":true},"45":{"start":{"line":165,"column":12},"end":{"line":165,"column":25},"skip":true},"46":{"start":{"line":166,"column":12},"end":{"line":166,"column":48},"skip":true},"47":{"start":{"line":169,"column":8},"end":{"line":178,"column":10},"skip":true},"48":{"start":{"line":176,"column":12},"end":{"line":176,"column":25},"skip":true},"49":{"start":{"line":177,"column":12},"end":{"line":177,"column":46},"skip":true},"50":{"start":{"line":180,"column":8},"end":{"line":189,"column":10},"skip":true},"51":{"start":{"line":187,"column":12},"end":{"line":187,"column":94},"skip":true},"52":{"start":{"line":188,"column":12},"end":{"line":188,"column":48},"skip":true},"53":{"start":{"line":192,"column":8},"end":{"line":192,"column":35},"skip":true},"54":{"start":{"line":193,"column":8},"end":{"line":193,"column":14},"skip":true}},"branchMap":{"1":{"line":25,"type":"binary-expr","locations":[{"start":{"line":25,"column":23},"end":{"line":25,"column":62}},{"start":{"line":26,"column":20},"end":{"line":26,"column":70}},{"start":{"line":27,"column":20},"end":{"line":27,"column":71}},{"start":{"line":28,"column":20},"end":{"line":28,"column":29}}]},"2":{"line":30,"type":"binary-expr","locations":[{"start":{"line":30,"column":23},"end":{"line":30,"column":37}},{"start":{"line":31,"column":20},"end":{"line":31,"column":61}},{"start":{"line":32,"column":20},"end":{"line":32,"column":70}},{"start":{"line":33,"column":20},"end":{"line":33,"column":26}}]},"3":{"line":37,"type":"cond-expr","locations":[{"start":{"line":38,"column":14},"end":{"line":38,"column":20}},{"start":{"line":39,"column":14},"end":{"line":39,"column":20}}]},"4":{"line":40,"type":"switch","locations":[{"start":{"line":42,"column":8},"end":{"line":47,"column":18}},{"start":{"line":49,"column":8},"end":{"line":52,"column":18}}]},"5":{"line":44,"type":"binary-expr","locations":[{"start":{"line":44,"column":16},"end":{"line":44,"column":44}},{"start":{"line":44,"column":48},"end":{"line":44,"column":66}}]},"6":{"line":50,"type":"binary-expr","locations":[{"start":{"line":50,"column":21},"end":{"line":50,"column":49}},{"start":{"line":50,"column":53},"end":{"line":50,"column":72}}]},"7":{"line":64,"type":"switch","locations":[{"start":{"line":69,"column":4},"end":{"line":70,"column":14}},{"start":{"line":75,"column":4},"end":{"line":76,"column":14}}]},"8":{"line":85,"type":"switch","locations":[{"start":{"line":90,"column":4},"end":{"line":105,"column":14}},{"start":{"line":111,"column":4},"end":{"line":193,"column":14},"skip":true}]},"9":{"line":91,"type":"binary-expr","locations":[{"start":{"line":91,"column":42},"end":{"line":91,"column":73}},{"start":{"line":91,"column":77},"end":{"line":99,"column":9}}]},"10":{"line":102,"type":"binary-expr","locations":[{"start":{"line":102,"column":18},"end":{"line":102,"column":32}},{"start":{"line":103,"column":12},"end":{"line":103,"column":53}},{"start":{"line":104,"column":12},"end":{"line":104,"column":61}}]},"11":{"line":112,"type":"binary-expr","locations":[{"start":{"line":112,"column":45},"end":{"line":112,"column":79},"skip":true},{"start":{"line":112,"column":83},"end":{"line":121,"column":9},"skip":true}]},"12":{"line":123,"type":"binary-expr","locations":[{"start":{"line":123,"column":42},"end":{"line":123,"column":73},"skip":true},{"start":{"line":123,"column":77},"end":{"line":136,"column":9},"skip":true}]},"13":{"line":138,"type":"binary-expr","locations":[{"start":{"line":138,"column":48},"end":{"line":138,"column":85},"skip":true},{"start":{"line":139,"column":12},"end":{"line":145,"column":13},"skip":true}]},"14":{"line":147,"type":"binary-expr","locations":[{"start":{"line":147,"column":42},"end":{"line":147,"column":73},"skip":true},{"start":{"line":147,"column":77},"end":{"line":156,"column":9},"skip":true}]},"15":{"line":158,"type":"binary-expr","locations":[{"start":{"line":158,"column":45},"end":{"line":158,"column":79},"skip":true},{"start":{"line":158,"column":83},"end":{"line":167,"column":9},"skip":true}]},"16":{"line":169,"type":"binary-expr","locations":[{"start":{"line":169,"column":43},"end":{"line":169,"column":75},"skip":true},{"start":{"line":169,"column":79},"end":{"line":178,"column":9},"skip":true}]},"17":{"line":180,"type":"binary-expr","locations":[{"start":{"line":180,"column":41},"end":{"line":180,"column":71},"skip":true},{"start":{"line":180,"column":75},"end":{"line":189,"column":9},"skip":true}]}},"code":["/* istanbul instrument in package npmtest_yadda */","/*jslint","    bitwise: true,","    browser: true,","    maxerr: 8,","    maxlen: 96,","    node: true,","    nomen: true,","    regexp: true,","    stupid: true","*/","(function () {","    'use strict';","    var local;","","","","    // run shared js-env code - init-before","    (function () {","        // init local","        local = {};","        // init modeJs","        local.modeJs = (function () {","            try {","                return typeof navigator.userAgent === 'string' &&","                    typeof document.querySelector('body') === 'object' &&","                    typeof XMLHttpRequest.prototype.open === 'function' &&","                    'browser';","            } catch (errorCaughtBrowser) {","                return module.exports &&","                    typeof process.versions.node === 'string' &&","                    typeof require('http').createServer === 'function' &&","                    'node';","            }","        }());","        // init global","        local.global = local.modeJs === 'browser'","            ? window","            : global;","        switch (local.modeJs) {","        // re-init local from window.local","        case 'browser':","            local = local.global.utility2.objectSetDefault(","                local.global.utility2_rollup || local.global.local,","                local.global.utility2","            );","            break;","        // re-init local from example.js","        case 'node':","            local = (local.global.utility2_rollup || require('utility2'))","                .requireReadme();","            break;","        }","        // export local","        local.global.local = local;","    }());","","","","    // run shared js-env code - function","    (function () {","        return;","    }());","    switch (local.modeJs) {","","","","    // run browser js-env code - function","    case 'browser':","        break;","","","","    // run node js-env code - function","    case 'node':","        break;","    }","","","","    // run shared js-env code - init-after","    (function () {","        return;","    }());","    switch (local.modeJs) {","","","","    // run browser js-env code - init-after","    case 'browser':","        local.testCase_browser_nullCase = local.testCase_browser_nullCase || function (","            options,","            onError","        ) {","        /*","         * this function will test browsers's null-case handling-behavior-behavior","         */","            onError(null, options);","        };","","        // run tests","        local.nop(local.modeTest &&","            document.querySelector('#testRunButton1') &&","            document.querySelector('#testRunButton1').click());","        break;","","","","    // run node js-env code - init-after","    /* istanbul ignore next */","    case 'node':","        local.testCase_buildApidoc_default = local.testCase_buildApidoc_default || function (","            options,","            onError","        ) {","        /*","         * this function will test buildApidoc's default handling-behavior-behavior","         */","            options = { modulePathList: module.paths };","            local.buildApidoc(options, onError);","        };","","        local.testCase_buildApp_default = local.testCase_buildApp_default || function (","            options,","            onError","        ) {","        /*","         * this function will test buildApp's default handling-behavior-behavior","         */","            local.testCase_buildReadme_default(options, local.onErrorThrow);","            local.testCase_buildLib_default(options, local.onErrorThrow);","            local.testCase_buildTest_default(options, local.onErrorThrow);","            local.testCase_buildCustomOrg_default(options, local.onErrorThrow);","            options = [];","            local.buildApp(options, onError);","        };","","        local.testCase_buildCustomOrg_default = local.testCase_buildCustomOrg_default ||","            function (options, onError) {","            /*","             * this function will test buildCustomOrg's default handling-behavior","             */","                options = {};","                local.buildCustomOrg(options, onError);","            };","","        local.testCase_buildLib_default = local.testCase_buildLib_default || function (","            options,","            onError","        ) {","        /*","         * this function will test buildLib's default handling-behavior","         */","            options = {};","            local.buildLib(options, onError);","        };","","        local.testCase_buildReadme_default = local.testCase_buildReadme_default || function (","            options,","            onError","        ) {","        /*","         * this function will test buildReadme's default handling-behavior-behavior","         */","            options = {};","            local.buildReadme(options, onError);","        };","","        local.testCase_buildTest_default = local.testCase_buildTest_default || function (","            options,","            onError","        ) {","        /*","         * this function will test buildTest's default handling-behavior","         */","            options = {};","            local.buildTest(options, onError);","        };","","        local.testCase_webpage_default = local.testCase_webpage_default || function (","            options,","            onError","        ) {","        /*","         * this function will test webpage's default handling-behavior","         */","            options = { modeCoverageMerge: true, url: local.serverLocalHost + '?modeTest=1' };","            local.browserTest(options, onError);","        };","","        // run test-server","        local.testRunServer(local);","        break;","    }","}());",""],"l":{"12":2,"14":2,"19":2,"21":2,"23":2,"24":2,"25":2,"30":1,"37":2,"40":2,"43":1,"47":1,"50":1,"52":1,"55":2,"61":2,"62":2,"64":2,"70":1,"76":1,"82":2,"83":2,"85":2,"91":1,"98":1,"102":1,"105":1,"112":1,"119":1,"120":1,"123":1,"130":1,"131":1,"132":1,"133":1,"134":1,"135":1,"138":1,"143":2,"144":2,"147":1,"154":2,"155":2,"158":1,"165":2,"166":2,"169":1,"176":2,"177":2,"180":1,"187":1,"188":1,"192":1,"193":1}},"/home/travis/build/npmtest/node-npmtest-yadda/lib.npmtest_yadda.js":{"path":"/home/travis/build/npmtest/node-npmtest-yadda/lib.npmtest_yadda.js","s":{"1":2,"2":2,"3":2,"4":2,"5":2,"6":2,"7":2,"8":1,"9":2,"10":2,"11":2,"12":2,"13":1,"14":1,"15":1,"16":1},"b":{"1":[2,1,1,1],"2":[1,1,1,1],"3":[1,1],"4":[2,2],"5":[1,1]},"f":{"1":2,"2":2,"3":2},"fnMap":{"1":{"name":"(anonymous_1)","line":12,"loc":{"start":{"line":12,"column":1},"end":{"line":12,"column":13}}},"2":{"name":"(anonymous_2)","line":19,"loc":{"start":{"line":19,"column":5},"end":{"line":19,"column":17}}},"3":{"name":"(anonymous_3)","line":23,"loc":{"start":{"line":23,"column":24},"end":{"line":23,"column":36}}}},"statementMap":{"1":{"start":{"line":12,"column":0},"end":{"line":53,"column":5}},"2":{"start":{"line":14,"column":4},"end":{"line":14,"column":14}},"3":{"start":{"line":19,"column":4},"end":{"line":52,"column":9}},"4":{"start":{"line":21,"column":8},"end":{"line":21,"column":19}},"5":{"start":{"line":23,"column":8},"end":{"line":35,"column":13}},"6":{"start":{"line":24,"column":12},"end":{"line":34,"column":13}},"7":{"start":{"line":25,"column":16},"end":{"line":28,"column":30}},"8":{"start":{"line":30,"column":16},"end":{"line":33,"column":27}},"9":{"start":{"line":37,"column":8},"end":{"line":39,"column":21}},"10":{"start":{"line":41,"column":8},"end":{"line":41,"column":54}},"11":{"start":{"line":43,"column":8},"end":{"line":43,"column":50}},"12":{"start":{"line":45,"column":8},"end":{"line":51,"column":9}},"13":{"start":{"line":46,"column":12},"end":{"line":46,"column":56}},"14":{"start":{"line":48,"column":12},"end":{"line":48,"column":35}},"15":{"start":{"line":49,"column":12},"end":{"line":49,"column":49}},"16":{"start":{"line":50,"column":12},"end":{"line":50,"column":43}}},"branchMap":{"1":{"line":25,"type":"binary-expr","locations":[{"start":{"line":25,"column":23},"end":{"line":25,"column":62}},{"start":{"line":26,"column":20},"end":{"line":26,"column":70}},{"start":{"line":27,"column":20},"end":{"line":27,"column":71}},{"start":{"line":28,"column":20},"end":{"line":28,"column":29}}]},"2":{"line":30,"type":"binary-expr","locations":[{"start":{"line":30,"column":23},"end":{"line":30,"column":37}},{"start":{"line":31,"column":20},"end":{"line":31,"column":61}},{"start":{"line":32,"column":20},"end":{"line":32,"column":70}},{"start":{"line":33,"column":20},"end":{"line":33,"column":26}}]},"3":{"line":37,"type":"cond-expr","locations":[{"start":{"line":38,"column":14},"end":{"line":38,"column":20}},{"start":{"line":39,"column":14},"end":{"line":39,"column":20}}]},"4":{"line":41,"type":"binary-expr","locations":[{"start":{"line":41,"column":16},"end":{"line":41,"column":44}},{"start":{"line":41,"column":48},"end":{"line":41,"column":53}}]},"5":{"line":45,"type":"if","locations":[{"start":{"line":45,"column":8},"end":{"line":45,"column":8}},{"start":{"line":45,"column":8},"end":{"line":45,"column":8}}]}},"code":["/* istanbul instrument in package npmtest_yadda */","/*jslint","    bitwise: true,","    browser: true,","    maxerr: 8,","    maxlen: 96,","    node: true,","    nomen: true,","    regexp: true,","    stupid: true","*/","(function () {","    'use strict';","    var local;","","","","    // run shared js-env code - init-before","    (function () {","        // init local","        local = {};","        // init modeJs","        local.modeJs = (function () {","            try {","                return typeof navigator.userAgent === 'string' &&","                    typeof document.querySelector('body') === 'object' &&","                    typeof XMLHttpRequest.prototype.open === 'function' &&","                    'browser';","            } catch (errorCaughtBrowser) {","                return module.exports &&","                    typeof process.versions.node === 'string' &&","                    typeof require('http').createServer === 'function' &&","                    'node';","            }","        }());","        // init global","        local.global = local.modeJs === 'browser'","            ? window","            : global;","        // init utility2_rollup","        local = local.global.utility2_rollup || local;","        // init lib","        local.local = local.npmtest_yadda = local;","        // init exports","        if (local.modeJs === 'browser') {","            local.global.utility2_npmtest_yadda = local;","        } else {","            module.exports = local;","            module.exports.__dirname = __dirname;","            module.exports.module = module;","        }","    }());","}());",""],"l":{"12":2,"14":2,"19":2,"21":2,"23":2,"24":2,"25":2,"30":1,"37":2,"41":2,"43":2,"45":2,"46":1,"48":1,"49":1,"50":1}},"/home/travis/build/npmtest/node-npmtest-yadda/example.js":{"path":"/home/travis/build/npmtest/node-npmtest-yadda/example.js","s":{"1":2,"2":2,"3":2,"4":2,"5":2,"6":2,"7":2,"8":1,"9":2,"10":2,"11":2,"12":2,"13":1,"14":2,"15":2,"16":2,"17":2,"18":2,"19":0,"20":2,"21":1,"22":1,"23":1,"24":1,"25":1,"26":0,"27":0,"28":1,"29":1,"30":2,"31":0,"32":0,"33":0,"34":1,"35":2,"36":2,"37":3,"38":3,"39":3,"40":3,"41":0,"42":3,"43":3,"44":3,"45":1,"46":3,"47":1,"48":1,"49":1,"50":1,"51":1,"52":1,"53":1,"54":1,"55":1,"56":1,"57":0,"58":1,"59":6,"60":6,"61":1,"62":2,"63":0,"64":2,"65":1,"66":1,"67":0,"68":0,"69":0,"70":0,"71":0,"72":0,"73":0,"74":0,"75":0,"76":0,"77":0,"78":0,"79":0,"80":0,"81":0,"82":0,"83":0},"b":{"1":[2,1,1,1],"2":[1,1,1,1],"3":[1,1],"4":[2,2],"5":[1,1],"6":[1,1],"7":[2,0],"8":[2,1,1,1,1,1],"9":[0,2,0],"10":[1,1],"11":[2,1,1],"12":[1,0],"13":[0,2],"14":[2,0,0,0,0,0,0],"15":[0,3],"16":[3,0],"17":[1,1],"18":[0,1],"19":[1,2,0,2],"20":[1,0],"21":[1,1],"22":[0,0],"23":[0,0],"24":[0,0],"25":[0,0],"26":[0,0],"27":[0,0],"28":[0,0]},"f":{"1":2,"2":2,"3":2,"4":2,"5":2,"6":2,"7":3,"8":3,"9":3,"10":1,"11":6,"12":0},"fnMap":{"1":{"name":"(anonymous_1)","line":26,"loc":{"start":{"line":26,"column":1},"end":{"line":26,"column":13}}},"2":{"name":"(anonymous_2)","line":33,"loc":{"start":{"line":33,"column":5},"end":{"line":33,"column":17}}},"3":{"name":"(anonymous_3)","line":37,"loc":{"start":{"line":37,"column":24},"end":{"line":37,"column":36}}},"4":{"name":"(anonymous_4)","line":69,"loc":{"start":{"line":69,"column":31},"end":{"line":69,"column":48}},"skip":true},"5":{"name":"(anonymous_5)","line":78,"loc":{"start":{"line":78,"column":26},"end":{"line":78,"column":45}},"skip":true},"6":{"name":"(anonymous_6)","line":123,"loc":{"start":{"line":123,"column":33},"end":{"line":123,"column":48}},"skip":true},"7":{"name":"(anonymous_7)","line":125,"loc":{"start":{"line":125,"column":27},"end":{"line":125,"column":39}},"skip":true},"8":{"name":"(anonymous_8)","line":133,"loc":{"start":{"line":133,"column":59},"end":{"line":133,"column":74}},"skip":true},"9":{"name":"(anonymous_9)","line":143,"loc":{"start":{"line":143,"column":45},"end":{"line":143,"column":62}},"skip":true},"10":{"name":"(anonymous_10)","line":144,"loc":{"start":{"line":144,"column":73},"end":{"line":144,"column":92}},"skip":true},"11":{"name":"(anonymous_11)","line":272,"loc":{"start":{"line":272,"column":51},"end":{"line":272,"column":77}},"skip":true},"12":{"name":"(anonymous_12)","line":315,"loc":{"start":{"line":315,"column":32},"end":{"line":315,"column":61}},"skip":true}},"statementMap":{"1":{"start":{"line":26,"column":0},"end":{"line":326,"column":5}},"2":{"start":{"line":28,"column":4},"end":{"line":28,"column":14}},"3":{"start":{"line":33,"column":4},"end":{"line":60,"column":9}},"4":{"start":{"line":35,"column":8},"end":{"line":35,"column":19}},"5":{"start":{"line":37,"column":8},"end":{"line":49,"column":13}},"6":{"start":{"line":38,"column":12},"end":{"line":48,"column":13}},"7":{"start":{"line":39,"column":16},"end":{"line":42,"column":30}},"8":{"start":{"line":44,"column":16},"end":{"line":47,"column":27}},"9":{"start":{"line":51,"column":8},"end":{"line":53,"column":21}},"10":{"start":{"line":55,"column":8},"end":{"line":57,"column":45}},"11":{"start":{"line":59,"column":8},"end":{"line":59,"column":35}},"12":{"start":{"line":61,"column":4},"end":{"line":325,"column":5}},"13":{"start":{"line":69,"column":8},"end":{"line":121,"column":10},"skip":true},"14":{"start":{"line":70,"column":12},"end":{"line":88,"column":13},"skip":true},"15":{"start":{"line":76,"column":16},"end":{"line":87,"column":19},"skip":true},"16":{"start":{"line":79,"column":20},"end":{"line":86,"column":21},"skip":true},"17":{"start":{"line":82,"column":24},"end":{"line":82,"column":43},"skip":true},"18":{"start":{"line":83,"column":24},"end":{"line":83,"column":30},"skip":true},"19":{"start":{"line":85,"column":24},"end":{"line":85,"column":49},"skip":true},"20":{"start":{"line":89,"column":12},"end":{"line":107,"column":13},"skip":true},"21":{"start":{"line":92,"column":16},"end":{"line":102,"column":17},"skip":true},"22":{"start":{"line":93,"column":20},"end":{"line":93,"column":86},"skip":true},"23":{"start":{"line":94,"column":20},"end":{"line":95,"column":45},"skip":true},"24":{"start":{"line":96,"column":20},"end":{"line":96,"column":42},"skip":true},"25":{"start":{"line":97,"column":20},"end":{"line":97,"column":48},"skip":true},"26":{"start":{"line":100,"column":20},"end":{"line":100,"column":85},"skip":true},"27":{"start":{"line":101,"column":20},"end":{"line":101,"column":96},"skip":true},"28":{"start":{"line":103,"column":16},"end":{"line":103,"column":22},"skip":true},"29":{"start":{"line":106,"column":16},"end":{"line":106,"column":22},"skip":true},"30":{"start":{"line":108,"column":12},"end":{"line":120,"column":13},"skip":true},"31":{"start":{"line":114,"column":16},"end":{"line":119,"column":17},"skip":true},"32":{"start":{"line":116,"column":20},"end":{"line":116,"column":78},"skip":true},"33":{"start":{"line":118,"column":20},"end":{"line":118,"column":47},"skip":true},"34":{"start":{"line":123,"column":8},"end":{"line":141,"column":11},"skip":true},"35":{"start":{"line":124,"column":12},"end":{"line":124,"column":54},"skip":true},"36":{"start":{"line":125,"column":12},"end":{"line":140,"column":14},"skip":true},"37":{"start":{"line":126,"column":16},"end":{"line":126,"column":28},"skip":true},"38":{"start":{"line":127,"column":16},"end":{"line":127,"column":69},"skip":true},"39":{"start":{"line":128,"column":16},"end":{"line":128,"column":75},"skip":true},"40":{"start":{"line":129,"column":16},"end":{"line":131,"column":17},"skip":true},"41":{"start":{"line":130,"column":20},"end":{"line":130,"column":27},"skip":true},"42":{"start":{"line":133,"column":16},"end":{"line":137,"column":36},"skip":true},"43":{"start":{"line":134,"column":20},"end":{"line":136,"column":55},"skip":true},"44":{"start":{"line":139,"column":16},"end":{"line":139,"column":57},"skip":true},"45":{"start":{"line":143,"column":8},"end":{"line":147,"column":11},"skip":true},"46":{"start":{"line":144,"column":12},"end":{"line":146,"column":15},"skip":true},"47":{"start":{"line":145,"column":16},"end":{"line":145,"column":70},"skip":true},"48":{"start":{"line":149,"column":8},"end":{"line":149,"column":31},"skip":true},"49":{"start":{"line":150,"column":8},"end":{"line":150,"column":14},"skip":true},"50":{"start":{"line":158,"column":8},"end":{"line":158,"column":31},"skip":true},"51":{"start":{"line":160,"column":8},"end":{"line":160,"column":33},"skip":true},"52":{"start":{"line":161,"column":8},"end":{"line":161,"column":37},"skip":true},"53":{"start":{"line":162,"column":8},"end":{"line":162,"column":35},"skip":true},"54":{"start":{"line":164,"column":8},"end":{"line":164,"column":50},"skip":true},"55":{"start":{"line":166,"column":8},"end":{"line":256,"column":2},"skip":true},"56":{"start":{"line":258,"column":8},"end":{"line":286,"column":9},"skip":true},"57":{"start":{"line":259,"column":12},"end":{"line":269,"column":14},"skip":true},"58":{"start":{"line":271,"column":12},"end":{"line":285,"column":19},"skip":true},"59":{"start":{"line":274,"column":20},"end":{"line":274,"column":35},"skip":true},"60":{"start":{"line":275,"column":20},"end":{"line":284,"column":21},"skip":true},"61":{"start":{"line":277,"column":24},"end":{"line":277,"column":64},"skip":true},"62":{"start":{"line":279,"column":24},"end":{"line":279,"column":40},"skip":true},"63":{"start":{"line":281,"column":24},"end":{"line":281,"column":40},"skip":true},"64":{"start":{"line":283,"column":24},"end":{"line":283,"column":39},"skip":true},"65":{"start":{"line":288,"column":8},"end":{"line":290,"column":9},"skip":true},"66":{"start":{"line":289,"column":12},"end":{"line":289,"column":18},"skip":true},"67":{"start":{"line":291,"column":8},"end":{"line":293,"column":54},"skip":true},"68":{"start":{"line":296,"column":8},"end":{"line":301,"column":37},"skip":true},"69":{"start":{"line":303,"column":8},"end":{"line":303,"column":82},"skip":true},"70":{"start":{"line":306,"column":8},"end":{"line":308,"column":9},"skip":true},"71":{"start":{"line":307,"column":12},"end":{"line":307,"column":82},"skip":true},"72":{"start":{"line":310,"column":8},"end":{"line":312,"column":9},"skip":true},"73":{"start":{"line":311,"column":12},"end":{"line":311,"column":18},"skip":true},"74":{"start":{"line":313,"column":8},"end":{"line":313,"column":54},"skip":true},"75":{"start":{"line":314,"column":8},"end":{"line":314,"column":69},"skip":true},"76":{"start":{"line":315,"column":8},"end":{"line":323,"column":36},"skip":true},"77":{"start":{"line":316,"column":12},"end":{"line":316,"column":61},"skip":true},"78":{"start":{"line":317,"column":12},"end":{"line":320,"column":13},"skip":true},"79":{"start":{"line":318,"column":16},"end":{"line":318,"column":75},"skip":true},"80":{"start":{"line":319,"column":16},"end":{"line":319,"column":23},"skip":true},"81":{"start":{"line":321,"column":12},"end":{"line":321,"column":38},"skip":true},"82":{"start":{"line":322,"column":12},"end":{"line":322,"column":27},"skip":true},"83":{"start":{"line":324,"column":8},"end":{"line":324,"column":14},"skip":true}},"branchMap":{"1":{"line":39,"type":"binary-expr","locations":[{"start":{"line":39,"column":23},"end":{"line":39,"column":62}},{"start":{"line":40,"column":20},"end":{"line":40,"column":70}},{"start":{"line":41,"column":20},"end":{"line":41,"column":71}},{"start":{"line":42,"column":20},"end":{"line":42,"column":29}}]},"2":{"line":44,"type":"binary-expr","locations":[{"start":{"line":44,"column":23},"end":{"line":44,"column":37}},{"start":{"line":45,"column":20},"end":{"line":45,"column":61}},{"start":{"line":46,"column":20},"end":{"line":46,"column":70}},{"start":{"line":47,"column":20},"end":{"line":47,"column":26}}]},"3":{"line":51,"type":"cond-expr","locations":[{"start":{"line":52,"column":14},"end":{"line":52,"column":20}},{"start":{"line":53,"column":14},"end":{"line":53,"column":20}}]},"4":{"line":55,"type":"binary-expr","locations":[{"start":{"line":55,"column":16},"end":{"line":55,"column":44}},{"start":{"line":55,"column":49},"end":{"line":57,"column":43}}]},"5":{"line":55,"type":"cond-expr","locations":[{"start":{"line":56,"column":14},"end":{"line":56,"column":49}},{"start":{"line":57,"column":14},"end":{"line":57,"column":43}}]},"6":{"line":61,"type":"switch","locations":[{"start":{"line":68,"column":4},"end":{"line":150,"column":14},"skip":true},{"start":{"line":156,"column":4},"end":{"line":324,"column":14},"skip":true}]},"7":{"line":70,"type":"if","locations":[{"start":{"line":70,"column":12},"end":{"line":70,"column":12},"skip":true},{"start":{"line":70,"column":12},"end":{"line":70,"column":12},"skip":true}]},"8":{"line":70,"type":"binary-expr","locations":[{"start":{"line":70,"column":16},"end":{"line":70,"column":22},"skip":true},{"start":{"line":70,"column":27},"end":{"line":70,"column":32},"skip":true},{"start":{"line":71,"column":20},"end":{"line":71,"column":39},"skip":true},{"start":{"line":72,"column":20},"end":{"line":72,"column":49},"skip":true},{"start":{"line":73,"column":20},"end":{"line":73,"column":58},"skip":true},{"start":{"line":74,"column":20},"end":{"line":74,"column":69},"skip":true}]},"9":{"line":79,"type":"switch","locations":[{"start":{"line":80,"column":20},"end":{"line":80,"column":33},"skip":true},{"start":{"line":81,"column":20},"end":{"line":83,"column":30},"skip":true},{"start":{"line":84,"column":20},"end":{"line":85,"column":49},"skip":true}]},"10":{"line":89,"type":"switch","locations":[{"start":{"line":90,"column":12},"end":{"line":103,"column":22},"skip":true},{"start":{"line":105,"column":12},"end":{"line":106,"column":22},"skip":true}]},"11":{"line":89,"type":"binary-expr","locations":[{"start":{"line":89,"column":20},"end":{"line":89,"column":25},"skip":true},{"start":{"line":89,"column":29},"end":{"line":89,"column":48},"skip":true},{"start":{"line":89,"column":52},"end":{"line":89,"column":74},"skip":true}]},"12":{"line":92,"type":"if","locations":[{"start":{"line":92,"column":16},"end":{"line":92,"column":16},"skip":true},{"start":{"line":92,"column":16},"end":{"line":92,"column":16},"skip":true}]},"13":{"line":108,"type":"if","locations":[{"start":{"line":108,"column":12},"end":{"line":108,"column":12},"skip":true},{"start":{"line":108,"column":12},"end":{"line":108,"column":12},"skip":true}]},"14":{"line":108,"type":"binary-expr","locations":[{"start":{"line":108,"column":16},"end":{"line":108,"column":61},"skip":true},{"start":{"line":108,"column":66},"end":{"line":108,"column":72},"skip":true},{"start":{"line":108,"column":77},"end":{"line":108,"column":82},"skip":true},{"start":{"line":109,"column":20},"end":{"line":109,"column":39},"skip":true},{"start":{"line":110,"column":20},"end":{"line":110,"column":49},"skip":true},{"start":{"line":111,"column":20},"end":{"line":111,"column":58},"skip":true},{"start":{"line":112,"column":20},"end":{"line":112,"column":68},"skip":true}]},"15":{"line":129,"type":"if","locations":[{"start":{"line":129,"column":16},"end":{"line":129,"column":16},"skip":true},{"start":{"line":129,"column":16},"end":{"line":129,"column":16},"skip":true}]},"16":{"line":134,"type":"cond-expr","locations":[{"start":{"line":135,"column":26},"end":{"line":135,"column":29},"skip":true},{"start":{"line":136,"column":26},"end":{"line":136,"column":54},"skip":true}]},"17":{"line":164,"type":"binary-expr","locations":[{"start":{"line":164,"column":27},"end":{"line":164,"column":43},"skip":true},{"start":{"line":164,"column":47},"end":{"line":164,"column":49},"skip":true}]},"18":{"line":258,"type":"if","locations":[{"start":{"line":258,"column":8},"end":{"line":258,"column":8},"skip":true},{"start":{"line":258,"column":8},"end":{"line":258,"column":8},"skip":true}]},"19":{"line":275,"type":"switch","locations":[{"start":{"line":276,"column":20},"end":{"line":277,"column":64},"skip":true},{"start":{"line":278,"column":20},"end":{"line":279,"column":40},"skip":true},{"start":{"line":280,"column":20},"end":{"line":281,"column":40},"skip":true},{"start":{"line":282,"column":20},"end":{"line":283,"column":39},"skip":true}]},"20":{"line":288,"type":"if","locations":[{"start":{"line":288,"column":8},"end":{"line":288,"column":8},"skip":true},{"start":{"line":288,"column":8},"end":{"line":288,"column":8},"skip":true}]},"21":{"line":288,"type":"binary-expr","locations":[{"start":{"line":288,"column":12},"end":{"line":288,"column":40},"skip":true},{"start":{"line":288,"column":44},"end":{"line":288,"column":67},"skip":true}]},"22":{"line":292,"type":"binary-expr","locations":[{"start":{"line":292,"column":12},"end":{"line":292,"column":50},"skip":true},{"start":{"line":293,"column":12},"end":{"line":293,"column":53},"skip":true}]},"23":{"line":297,"type":"binary-expr","locations":[{"start":{"line":297,"column":12},"end":{"line":297,"column":63},"skip":true},{"start":{"line":298,"column":12},"end":{"line":301,"column":36},"skip":true}]},"24":{"line":303,"type":"binary-expr","locations":[{"start":{"line":303,"column":43},"end":{"line":303,"column":75},"skip":true},{"start":{"line":303,"column":79},"end":{"line":303,"column":81},"skip":true}]},"25":{"line":306,"type":"if","locations":[{"start":{"line":306,"column":8},"end":{"line":306,"column":8},"skip":true},{"start":{"line":306,"column":8},"end":{"line":306,"column":8},"skip":true}]},"26":{"line":310,"type":"if","locations":[{"start":{"line":310,"column":8},"end":{"line":310,"column":8},"skip":true},{"start":{"line":310,"column":8},"end":{"line":310,"column":8},"skip":true}]},"27":{"line":313,"type":"binary-expr","locations":[{"start":{"line":313,"column":27},"end":{"line":313,"column":43},"skip":true},{"start":{"line":313,"column":47},"end":{"line":313,"column":53},"skip":true}]},"28":{"line":317,"type":"if","locations":[{"start":{"line":317,"column":12},"end":{"line":317,"column":12},"skip":true},{"start":{"line":317,"column":12},"end":{"line":317,"column":12},"skip":true}]}},"code":["/*","example.js","","quickstart example","","instruction","    1. save this script as example.js","    2. run the shell command:","        $ npm install npmtest-yadda && PORT=8081 node example.js","    3. play with the browser-demo on http://127.0.0.1:8081","*/","","","","/* istanbul instrument in package npmtest_yadda */","/*jslint","    bitwise: true,","    browser: true,","    maxerr: 8,","    maxlen: 96,","    node: true,","    nomen: true,","    regexp: true,","    stupid: true","*/","(function () {","    'use strict';","    var local;","","","","    // run shared js-env code - init-before","    (function () {","        // init local","        local = {};","        // init modeJs","        local.modeJs = (function () {","            try {","                return typeof navigator.userAgent === 'string' &&","                    typeof document.querySelector('body') === 'object' &&","                    typeof XMLHttpRequest.prototype.open === 'function' &&","                    'browser';","            } catch (errorCaughtBrowser) {","                return module.exports &&","                    typeof process.versions.node === 'string' &&","                    typeof require('http').createServer === 'function' &&","                    'node';","            }","        }());","        // init global","        local.global = local.modeJs === 'browser'","            ? window","            : global;","        // init utility2_rollup","        local = local.global.utility2_rollup || (local.modeJs === 'browser'","            ? local.global.utility2_npmtest_yadda","            : global.utility2_moduleExports);","        // export local","        local.global.local = local;","    }());","    switch (local.modeJs) {","","","","    // init-after","    // run browser js-env code - init-after","    /* istanbul ignore next */","    case 'browser':","        local.testRunBrowser = function (event) {","            if (!event || (event &&","                    event.currentTarget &&","                    event.currentTarget.className &&","                    event.currentTarget.className.includes &&","                    event.currentTarget.className.includes('onreset'))) {","                // reset output","                Array.from(","                    document.querySelectorAll('body > .resettable')","                ).forEach(function (element) {","                    switch (element.tagName) {","                    case 'INPUT':","                    case 'TEXTAREA':","                        element.value = '';","                        break;","                    default:","                        element.textContent = '';","                    }","                });","            }","            switch (event && event.currentTarget && event.currentTarget.id) {","            case 'testRunButton1':","                // show tests","                if (document.querySelector('#testReportDiv1').style.display === 'none') {","                    document.querySelector('#testReportDiv1').style.display = 'block';","                    document.querySelector('#testRunButton1').textContent =","                        'hide internal test';","                    local.modeTest = true;","                    local.testRunDefault(local);","                // hide tests","                } else {","                    document.querySelector('#testReportDiv1').style.display = 'none';","                    document.querySelector('#testRunButton1').textContent = 'run internal test';","                }","                break;","            // custom-case","            default:","                break;","            }","            if (document.querySelector('#inputTextareaEval1') && (!event || (event &&","                    event.currentTarget &&","                    event.currentTarget.className &&","                    event.currentTarget.className.includes &&","                    event.currentTarget.className.includes('oneval')))) {","                // try to eval input-code","                try {","                    /*jslint evil: true*/","                    eval(document.querySelector('#inputTextareaEval1').value);","                } catch (errorCaught) {","                    console.error(errorCaught);","                }","            }","        };","        // log stderr and stdout to #outputTextareaStdout1","        ['error', 'log'].forEach(function (key) {","            console[key + '_original'] = console[key];","            console[key] = function () {","                var element;","                console[key + '_original'].apply(console, arguments);","                element = document.querySelector('#outputTextareaStdout1');","                if (!element) {","                    return;","                }","                // append text to #outputTextareaStdout1","                element.value += Array.from(arguments).map(function (arg) {","                    return typeof arg === 'string'","                        ? arg","                        : JSON.stringify(arg, null, 4);","                }).join(' ') + '\\n';","                // scroll textarea to bottom","                element.scrollTop = element.scrollHeight;","            };","        });","        // init event-handling","        ['change', 'click', 'keyup'].forEach(function (event) {","            Array.from(document.querySelectorAll('.on' + event)).forEach(function (element) {","                element.addEventListener(event, local.testRunBrowser);","            });","        });","        // run tests","        local.testRunBrowser();","        break;","","","","    // run node js-env code - init-after","    /* istanbul ignore next */","    case 'node':","        // export local","        module.exports = local;","        // require modules","        local.fs = require('fs');","        local.http = require('http');","        local.url = require('url');","        // init assets","        local.assetsDict = local.assetsDict || {};","        /* jslint-ignore-begin */","        local.assetsDict['/assets.index.template.html'] = '\\","<!doctype html>\\n\\","<html lang=\"en\">\\n\\","<head>\\n\\","<meta charset=\"UTF-8\">\\n\\","<meta name=\"viewport\" content=\"width=device-width, initial-scale=1\">\\n\\","<title>{{env.npm_package_name}} (v{{env.npm_package_version}})</title>\\n\\","<style>\\n\\","/*csslint\\n\\","    box-sizing: false,\\n\\","    universal-selector: false\\n\\","*/\\n\\","* {\\n\\","    box-sizing: border-box;\\n\\","}\\n\\","body {\\n\\","    background: #dde;\\n\\","    font-family: Arial, Helvetica, sans-serif;\\n\\","    margin: 2rem;\\n\\","}\\n\\","body > * {\\n\\","    margin-bottom: 1rem;\\n\\","}\\n\\",".utility2FooterDiv {\\n\\","    margin-top: 20px;\\n\\","    text-align: center;\\n\\","}\\n\\","</style>\\n\\","<style>\\n\\","/*csslint\\n\\","*/\\n\\","textarea {\\n\\","    font-family: monospace;\\n\\","    height: 10rem;\\n\\","    width: 100%;\\n\\","}\\n\\","textarea[readonly] {\\n\\","    background: #ddd;\\n\\","}\\n\\","</style>\\n\\","</head>\\n\\","<body>\\n\\","<!-- utility2-comment\\n\\","<div id=\"ajaxProgressDiv1\" style=\"background: #d00; height: 2px; left: 0; margin: 0; padding: 0; position: fixed; top: 0; transition: background 0.5s, width 1.5s; width: 25%;\"></div>\\n\\","utility2-comment -->\\n\\","<h1>\\n\\","<!-- utility2-comment\\n\\","    <a\\n\\","        {{#if env.npm_package_homepage}}\\n\\","        href=\"{{env.npm_package_homepage}}\"\\n\\","        {{/if env.npm_package_homepage}}\\n\\","        target=\"_blank\"\\n\\","    >\\n\\","utility2-comment -->\\n\\","        {{env.npm_package_name}} (v{{env.npm_package_version}})\\n\\","<!-- utility2-comment\\n\\","    </a>\\n\\","utility2-comment -->\\n\\","</h1>\\n\\","<h3>{{env.npm_package_description}}</h3>\\n\\","<!-- utility2-comment\\n\\","<h4><a download href=\"assets.app.js\">download standalone app</a></h4>\\n\\","<button class=\"onclick onreset\" id=\"testRunButton1\">run internal test</button><br>\\n\\","<div id=\"testReportDiv1\" style=\"display: none;\"></div>\\n\\","utility2-comment -->\\n\\","\\n\\","\\n\\","\\n\\","<label>stderr and stdout</label>\\n\\","<textarea class=\"resettable\" id=\"outputTextareaStdout1\" readonly></textarea>\\n\\","<!-- utility2-comment\\n\\","{{#if isRollup}}\\n\\","<script src=\"assets.app.js\"></script>\\n\\","{{#unless isRollup}}\\n\\","utility2-comment -->\\n\\","<script src=\"assets.utility2.rollup.js\"></script>\\n\\","<script src=\"jsonp.utility2._stateInit?callback=window.utility2._stateInit\"></script>\\n\\","<script src=\"assets.npmtest_yadda.rollup.js\"></script>\\n\\","<script src=\"assets.example.js\"></script>\\n\\","<script src=\"assets.test.js\"></script>\\n\\","<!-- utility2-comment\\n\\","{{/if isRollup}}\\n\\","utility2-comment -->\\n\\","<div class=\"utility2FooterDiv\">\\n\\","    [ this app was created with\\n\\","    <a href=\"https://github.com/kaizhu256/node-utility2\" target=\"_blank\">utility2</a>\\n\\","    ]\\n\\","</div>\\n\\","</body>\\n\\","</html>\\n\\","';","        /* jslint-ignore-end */","        if (local.templateRender) {","            local.assetsDict['/'] = local.templateRender(","                local.assetsDict['/assets.index.template.html'],","                {","                    env: local.objectSetDefault(local.env, {","                        npm_package_description: 'the greatest app in the world!',","                        npm_package_name: 'my-app',","                        npm_package_nameAlias: 'my_app',","                        npm_package_version: '0.0.1'","                    })","                }","            );","        } else {","            local.assetsDict['/'] = local.assetsDict['/assets.index.template.html']","                .replace((/\\{\\{env\\.(\\w+?)\\}\\}/g), function (match0, match1) {","                    // jslint-hack","                    String(match0);","                    switch (match1) {","                    case 'npm_package_description':","                        return 'the greatest app in the world!';","                    case 'npm_package_name':","                        return 'my-app';","                    case 'npm_package_nameAlias':","                        return 'my_app';","                    case 'npm_package_version':","                        return '0.0.1';","                    }","                });","        }","        // run the cli","        if (local.global.utility2_rollup || module !== require.main) {","            break;","        }","        local.assetsDict['/assets.example.js'] =","            local.assetsDict['/assets.example.js'] ||","            local.fs.readFileSync(__filename, 'utf8');","        // bug-workaround - long $npm_package_buildCustomOrg","        /* jslint-ignore-begin */","        local.assetsDict['/assets.npmtest_yadda.rollup.js'] =","            local.assetsDict['/assets.npmtest_yadda.rollup.js'] ||","            local.fs.readFileSync(","                local.npmtest_yadda.__dirname + '/lib.npmtest_yadda.js',","                'utf8'","            ).replace((/^#!/), '//');","        /* jslint-ignore-end */","        local.assetsDict['/favicon.ico'] = local.assetsDict['/favicon.ico'] || '';","        // if $npm_config_timeout_exit exists,","        // then exit this process after $npm_config_timeout_exit ms","        if (Number(process.env.npm_config_timeout_exit)) {","            setTimeout(process.exit, Number(process.env.npm_config_timeout_exit));","        }","        // start server","        if (local.global.utility2_serverHttp1) {","            break;","        }","        process.env.PORT = process.env.PORT || '8081';","        console.error('server starting on port ' + process.env.PORT);","        local.http.createServer(function (request, response) {","            request.urlParsed = local.url.parse(request.url);","            if (local.assetsDict[request.urlParsed.pathname] !== undefined) {","                response.end(local.assetsDict[request.urlParsed.pathname]);","                return;","            }","            response.statusCode = 404;","            response.end();","        }).listen(process.env.PORT);","        break;","    }","}());",""],"l":{"26":2,"28":2,"33":2,"35":2,"37":2,"38":2,"39":2,"44":1,"51":2,"55":2,"59":2,"61":2,"69":1,"70":2,"76":2,"79":2,"82":2,"83":2,"85":1,"89":2,"92":1,"93":1,"94":1,"96":1,"97":1,"100":1,"101":1,"103":1,"106":1,"108":2,"114":1,"116":1,"118":1,"123":1,"124":2,"125":2,"126":3,"127":3,"128":3,"129":3,"130":1,"133":3,"134":3,"139":3,"143":1,"144":3,"145":1,"149":1,"150":1,"158":1,"160":1,"161":1,"162":1,"164":1,"166":1,"258":1,"259":1,"271":1,"274":6,"275":6,"277":1,"279":2,"281":1,"283":2,"288":1,"289":1,"291":1,"296":1,"303":1,"306":1,"307":1,"310":1,"311":1,"313":1,"314":1,"315":1,"316":1,"317":1,"318":1,"319":1,"321":1,"322":1,"324":1}},"/home/travis/build/npmtest/node-npmtest-yadda/node_modules/yadda/lib/index.js":{"path":"/home/travis/build/npmtest/node-npmtest-yadda/node_modules/yadda/lib/index.js","s":{"1":1,"2":0,"3":1},"b":{},"f":{"1":0},"fnMap":{"1":{"name":"(anonymous_1)","line":18,"loc":{"start":{"line":18,"column":20},"end":{"line":18,"column":31}}}},"statementMap":{"1":{"start":{"line":3,"column":0},"end":{"line":23,"column":2}},"2":{"start":{"line":21,"column":8},"end":{"line":21,"column":79}},"3":{"start":{"line":25,"column":0},"end":{"line":25,"column":21}}},"branchMap":{},"code":["\"use strict\";","","var api = {","    Yadda: require('./Yadda'),","    EventBus: require('./EventBus'),","    Interpreter: require('./Interpreter'),","    Context: require('./Context'),","    Library: require('./Library'),","    Dictionary: require('./Dictionary'),","    FeatureFileSearch: require('./FeatureFileSearch'),","    FileSearch: require('./FileSearch'),","    Platform: require('./Platform'),","    localisation: require('./localisation/index'),","    converters: require('./converters/index'),","    parsers: require('./parsers/index'),","    plugins: require('./plugins/index'),","    shims: require('./shims/index'),","    createInstance: function() {","        // Not everyone shares my sense of humour re the recursive api :(","        // See https://github.com/acuminous/yadda/issues/111","        return api.Yadda.apply(null, Array.prototype.slice.call(arguments, 0));","    }","};","","module.exports = api;",""],"l":{"3":1,"21":0,"25":1}},"/home/travis/build/npmtest/node-npmtest-yadda/node_modules/yadda/lib/Yadda.js":{"path":"/home/travis/build/npmtest/node-npmtest-yadda/node_modules/yadda/lib/Yadda.js","s":{"1":1,"2":1,"3":1,"4":1,"5":0,"6":0,"7":0,"8":0,"9":0,"10":0,"11":0,"12":0,"13":0,"14":0,"15":0,"16":0,"17":0,"18":0,"19":0,"20":0,"21":1},"b":{"1":[0,0],"2":[0,0],"3":[0,0],"4":[0,0]},"f":{"1":0,"2":0,"3":0,"4":0},"fnMap":{"1":{"name":"(anonymous_1)","line":8,"loc":{"start":{"line":8,"column":12},"end":{"line":8,"column":53}}},"2":{"name":"(anonymous_2)","line":16,"loc":{"start":{"line":16,"column":20},"end":{"line":16,"column":40}}},"3":{"name":"(anonymous_3)","line":21,"loc":{"start":{"line":21,"column":17},"end":{"line":21,"column":60}}},"4":{"name":"(anonymous_4)","line":32,"loc":{"start":{"line":32,"column":20},"end":{"line":32,"column":31}}}},"statementMap":{"1":{"start":{"line":4,"column":0},"end":{"line":4,"column":43}},"2":{"start":{"line":5,"column":0},"end":{"line":5,"column":35}},"3":{"start":{"line":6,"column":0},"end":{"line":6,"column":25}},"4":{"start":{"line":8,"column":0},"end":{"line":35,"column":2}},"5":{"start":{"line":10,"column":4},"end":{"line":12,"column":5}},"6":{"start":{"line":11,"column":8},"end":{"line":11,"column":57}},"7":{"start":{"line":14,"column":4},"end":{"line":14,"column":50}},"8":{"start":{"line":16,"column":4},"end":{"line":19,"column":6}},"9":{"start":{"line":17,"column":8},"end":{"line":17,"column":45}},"10":{"start":{"line":18,"column":8},"end":{"line":18,"column":20}},"11":{"start":{"line":21,"column":4},"end":{"line":26,"column":6}},"12":{"start":{"line":22,"column":8},"end":{"line":22,"column":48}},"13":{"start":{"line":22,"column":36},"end":{"line":22,"column":48}},"14":{"start":{"line":23,"column":8},"end":{"line":23,"column":122}},"15":{"start":{"line":23,"column":72},"end":{"line":23,"column":122}},"16":{"start":{"line":24,"column":8},"end":{"line":24,"column":44}},"17":{"start":{"line":25,"column":8},"end":{"line":25,"column":117}},"18":{"start":{"line":30,"column":4},"end":{"line":30,"column":26}},"19":{"start":{"line":32,"column":4},"end":{"line":34,"column":6}},"20":{"start":{"line":33,"column":8},"end":{"line":33,"column":83}},"21":{"start":{"line":37,"column":0},"end":{"line":37,"column":23}}},"branchMap":{"1":{"line":10,"type":"if","locations":[{"start":{"line":10,"column":4},"end":{"line":10,"column":4}},{"start":{"line":10,"column":4},"end":{"line":10,"column":4}}]},"2":{"line":22,"type":"if","locations":[{"start":{"line":22,"column":8},"end":{"line":22,"column":8}},{"start":{"line":22,"column":8},"end":{"line":22,"column":8}}]},"3":{"line":23,"type":"if","locations":[{"start":{"line":23,"column":8},"end":{"line":23,"column":8}},{"start":{"line":23,"column":8},"end":{"line":23,"column":8}}]},"4":{"line":23,"type":"binary-expr","locations":[{"start":{"line":23,"column":12},"end":{"line":23,"column":34}},{"start":{"line":23,"column":38},"end":{"line":23,"column":70}}]}},"code":["/*jslint node: true */","\"use strict\";","","var Interpreter = require('./Interpreter');","var Context = require('./Context');","var fn = require('./fn');","","var Yadda = function(libraries, interpreter_context) {","","    if (!(this instanceof Yadda)) {","        return new Yadda(libraries, interpreter_context);","    }","","    this.interpreter = new Interpreter(libraries);","","    this.requires = function(libraries) {","        this.interpreter.requires(libraries);","        return this;","    };","","    this.yadda = function(scenario, scenario_context, next) {","        if (arguments.length === 0) return this;","        if (arguments.length === 2 && fn.is_function(scenario_context)) return this.yadda(scenario, {}, scenario_context);","        this.interpreter.validate(scenario);","        this.interpreter.interpret(scenario, new Context().merge(interpreter_context).merge(scenario_context), next);","    };","","    // Not everyone shares my sense of humour re the recursive api :(","    // See https://github.com/acuminous/yadda/issues/111","    this.run = this.yadda;","","    this.toString = function() {","        return \"Yadda 1.3.0 Copyright 2010 Stephen Cresswell / Energized Work Ltd\";","    };","};","","module.exports = Yadda;",""],"l":{"4":1,"5":1,"6":1,"8":1,"10":0,"11":0,"14":0,"16":0,"17":0,"18":0,"21":0,"22":0,"23":0,"24":0,"25":0,"30":0,"32":0,"33":0,"37":1}},"/home/travis/build/npmtest/node-npmtest-yadda/node_modules/yadda/lib/Interpreter.js":{"path":"/home/travis/build/npmtest/node-npmtest-yadda/node_modules/yadda/lib/Interpreter.js","s":{"1":1,"2":1,"3":1,"4":1,"5":1,"6":1,"7":0,"8":0,"9":0,"10":0,"11":0,"12":0,"13":0,"14":0,"15":0,"16":0,"17":0,"18":0,"19":0,"20":0,"21":1,"22":0,"23":1,"24":0,"25":0,"26":0,"27":0,"28":0,"29":0,"30":0,"31":0,"32":0,"33":0,"34":0,"35":0,"36":0,"37":0,"38":0,"39":0,"40":0,"41":0,"42":0,"43":0,"44":0,"45":1},"b":{"1":[0,0],"2":[0,0],"3":[0,0],"4":[0,0]},"f":{"1":0,"2":0,"3":0,"4":0,"5":0,"6":0,"7":0,"8":0,"9":0,"10":0,"11":0,"12":0,"13":0},"fnMap":{"1":{"name":"(anonymous_1)","line":10,"loc":{"start":{"line":10,"column":18},"end":{"line":10,"column":38}}},"2":{"name":"(anonymous_2)","line":18,"loc":{"start":{"line":18,"column":20},"end":{"line":18,"column":40}}},"3":{"name":"(anonymous_3)","line":23,"loc":{"start":{"line":23,"column":20},"end":{"line":23,"column":39}}},"4":{"name":"(anonymous_4)","line":24,"loc":{"start":{"line":24,"column":42},"end":{"line":24,"column":57}}},"5":{"name":"by_invalid_step","line":32,"loc":{"start":{"line":32,"column":4},"end":{"line":32,"column":37}}},"6":{"name":"validation_report","line":36,"loc":{"start":{"line":36,"column":4},"end":{"line":36,"column":39}}},"7":{"name":"(anonymous_7)","line":40,"loc":{"start":{"line":40,"column":21},"end":{"line":40,"column":64}}},"8":{"name":"(anonymous_8)","line":47,"loc":{"start":{"line":47,"column":29},"end":{"line":47,"column":62}}},"9":{"name":"(anonymous_9)","line":48,"loc":{"start":{"line":48,"column":23},"end":{"line":48,"column":55}}},"10":{"name":"(anonymous_10)","line":54,"loc":{"start":{"line":54,"column":26},"end":{"line":54,"column":65}}},"11":{"name":"(anonymous_11)","line":62,"loc":{"start":{"line":62,"column":23},"end":{"line":62,"column":38}}},"12":{"name":"(anonymous_12)","line":66,"loc":{"start":{"line":66,"column":28},"end":{"line":66,"column":43}}},"13":{"name":"(anonymous_13)","line":67,"loc":{"start":{"line":67,"column":36},"end":{"line":67,"column":62}}}},"statementMap":{"1":{"start":{"line":3,"column":0},"end":{"line":3,"column":43}},"2":{"start":{"line":4,"column":0},"end":{"line":4,"column":35}},"3":{"start":{"line":5,"column":0},"end":{"line":5,"column":37}},"4":{"start":{"line":6,"column":0},"end":{"line":6,"column":27}},"5":{"start":{"line":7,"column":0},"end":{"line":7,"column":25}},"6":{"start":{"line":10,"column":0},"end":{"line":71,"column":2}},"7":{"start":{"line":13,"column":4},"end":{"line":13,"column":33}},"8":{"start":{"line":14,"column":4},"end":{"line":14,"column":40}},"9":{"start":{"line":15,"column":4},"end":{"line":15,"column":19}},"10":{"start":{"line":16,"column":4},"end":{"line":16,"column":21}},"11":{"start":{"line":18,"column":4},"end":{"line":21,"column":6}},"12":{"start":{"line":19,"column":8},"end":{"line":19,"column":38}},"13":{"start":{"line":20,"column":8},"end":{"line":20,"column":20}},"14":{"start":{"line":23,"column":4},"end":{"line":30,"column":6}},"15":{"start":{"line":24,"column":8},"end":{"line":28,"column":11}},"16":{"start":{"line":25,"column":12},"end":{"line":25,"column":60}},"17":{"start":{"line":26,"column":12},"end":{"line":26,"column":39}},"18":{"start":{"line":27,"column":12},"end":{"line":27,"column":26}},"19":{"start":{"line":29,"column":8},"end":{"line":29,"column":143}},"20":{"start":{"line":29,"column":43},"end":{"line":29,"column":143}},"21":{"start":{"line":32,"column":4},"end":{"line":34,"column":5}},"22":{"start":{"line":33,"column":8},"end":{"line":33,"column":29}},"23":{"start":{"line":36,"column":4},"end":{"line":38,"column":5}},"24":{"start":{"line":37,"column":8},"end":{"line":37,"column":75}},"25":{"start":{"line":40,"column":4},"end":{"line":45,"column":6}},"26":{"start":{"line":41,"column":8},"end":{"line":41,"column":65}},"27":{"start":{"line":42,"column":8},"end":{"line":42,"column":103}},"28":{"start":{"line":43,"column":8},"end":{"line":43,"column":66}},"29":{"start":{"line":44,"column":8},"end":{"line":44,"column":47}},"30":{"start":{"line":47,"column":4},"end":{"line":52,"column":6}},"31":{"start":{"line":48,"column":8},"end":{"line":50,"column":10}},"32":{"start":{"line":49,"column":12},"end":{"line":49,"column":67}},"33":{"start":{"line":51,"column":8},"end":{"line":51,"column":65}},"34":{"start":{"line":54,"column":4},"end":{"line":60,"column":6}},"35":{"start":{"line":55,"column":8},"end":{"line":55,"column":60}},"36":{"start":{"line":56,"column":8},"end":{"line":56,"column":82}},"37":{"start":{"line":57,"column":8},"end":{"line":57,"column":58}},"38":{"start":{"line":58,"column":8},"end":{"line":58,"column":27}},"39":{"start":{"line":59,"column":8},"end":{"line":59,"column":51}},"40":{"start":{"line":62,"column":4},"end":{"line":64,"column":6}},"41":{"start":{"line":63,"column":8},"end":{"line":63,"column":74}},"42":{"start":{"line":66,"column":4},"end":{"line":70,"column":6}},"43":{"start":{"line":67,"column":8},"end":{"line":69,"column":11}},"44":{"start":{"line":68,"column":12},"end":{"line":68,"column":71}},"45":{"start":{"line":73,"column":0},"end":{"line":73,"column":29}}},"branchMap":{"1":{"line":29,"type":"if","locations":[{"start":{"line":29,"column":8},"end":{"line":29,"column":8}},{"start":{"line":29,"column":8},"end":{"line":29,"column":8}}]},"2":{"line":37,"type":"cond-expr","locations":[{"start":{"line":37,"column":45},"end":{"line":37,"column":47}},{"start":{"line":37,"column":50},"end":{"line":37,"column":73}}]},"3":{"line":51,"type":"cond-expr","locations":[{"start":{"line":51,"column":22},"end":{"line":51,"column":30}},{"start":{"line":51,"column":33},"end":{"line":51,"column":64}}]},"4":{"line":59,"type":"binary-expr","locations":[{"start":{"line":59,"column":30},"end":{"line":59,"column":37}},{"start":{"line":59,"column":41},"end":{"line":59,"column":43}}]}},"code":["\"use strict\";","","var Competition = require('./Competition');","var Context = require('./Context');","var EventBus = require('./EventBus');","var $ = require('./Array');","var fn = require('./fn');","","// Understands a scenario","var Interpreter = function(libraries) {","","    // eslint-disable-next-line no-redeclare","    var libraries = $(libraries);","    var event_bus = EventBus.instance();","    var last_macro;","    var _this = this;","","    this.requires = function(libraries) {","        libraries.push_all(libraries);","        return this;","    };","","    this.validate = function(scenario) {","        var results = $(scenario).collect(function(step) {","            var report = _this.rank_macros(step).validate();","            last_macro = report.winner;","            return report;","        });","        if (results.find(by_invalid_step)) throw new Error('Scenario cannot be interpreted\\n' + results.collect(validation_report).join('\\n'));","    };","","    function by_invalid_step(result) {","        return !result.valid;","    }","","    function validation_report(result) {","        return result.step + (result.valid ? '' : ' <-- ' + result.reason);","    }","","    this.interpret = function(scenario, scenario_context, next) {","        scenario_context = new Context().merge(scenario_context);","        event_bus.send(EventBus.ON_SCENARIO, { scenario: scenario, ctx: scenario_context.properties });","        var iterator = make_step_iterator(scenario_context, next);","        $(scenario).each_async(iterator, next);","    };","","    var make_step_iterator = function(scenario_context, next) {","        var iterator = function(step, index, callback) {","            _this.interpret_step(step, scenario_context, callback);","        };","        return next ? iterator : fn.asynchronize(null, iterator);","    };","","    this.interpret_step = function(step, scenario_context, next) {","        var context = new Context().merge(scenario_context);","        event_bus.send(EventBus.ON_STEP, { step: step, ctx: context.properties });","        var macro = this.rank_macros(step).clear_winner();","        last_macro = macro;","        macro.interpret(step, context || {}, next);","    };","","    this.rank_macros = function(step) {","        return new Competition(step, compatible_macros(step), last_macro);","    };","","    var compatible_macros = function(step) {","        return libraries.inject([], function(macros, library) {","            return macros.concat(library.find_compatible_macros(step));","        });","    };","};","","module.exports = Interpreter;",""],"l":{"3":1,"4":1,"5":1,"6":1,"7":1,"10":1,"13":0,"14":0,"15":0,"16":0,"18":0,"19":0,"20":0,"23":0,"24":0,"25":0,"26":0,"27":0,"29":0,"32":1,"33":0,"36":1,"37":0,"40":0,"41":0,"42":0,"43":0,"44":0,"47":0,"48":0,"49":0,"51":0,"54":0,"55":0,"56":0,"57":0,"58":0,"59":0,"62":0,"63":0,"66":0,"67":0,"68":0,"73":1}},"/home/travis/build/npmtest/node-npmtest-yadda/node_modules/yadda/lib/Competition.js":{"path":"/home/travis/build/npmtest/node-npmtest-yadda/node_modules/yadda/lib/Competition.js","s":{"1":1,"2":1,"3":1,"4":1,"5":1,"6":0,"7":0,"8":0,"9":0,"10":0,"11":0,"12":0,"13":0,"14":0,"15":0,"16":0,"17":0,"18":0,"19":1,"20":0,"21":1,"22":0,"23":0,"24":0,"25":1,"26":0,"27":1,"28":0,"29":0,"30":1,"31":0,"32":1,"33":0,"34":1,"35":0,"36":0,"37":1},"b":{"1":[0,0],"2":[0,0],"3":[0,0],"4":[0,0],"5":[0,0]},"f":{"1":0,"2":0,"3":0,"4":0,"5":0,"6":0,"7":0,"8":0,"9":0,"10":0,"11":0,"12":0},"fnMap":{"1":{"name":"(anonymous_1)","line":9,"loc":{"start":{"line":9,"column":18},"end":{"line":9,"column":53}}},"2":{"name":"(anonymous_2)","line":13,"loc":{"start":{"line":13,"column":20},"end":{"line":13,"column":31}}},"3":{"name":"(anonymous_3)","line":19,"loc":{"start":{"line":19,"column":24},"end":{"line":19,"column":35}}},"4":{"name":"is_undefined","line":25,"loc":{"start":{"line":25,"column":4},"end":{"line":25,"column":28}}},"5":{"name":"is_ambiguous","line":29,"loc":{"start":{"line":29,"column":4},"end":{"line":29,"column":28}}},"6":{"name":"(anonymous_6)","line":33,"loc":{"start":{"line":33,"column":18},"end":{"line":33,"column":29}}},"7":{"name":"winning_patterns","line":37,"loc":{"start":{"line":37,"column":4},"end":{"line":37,"column":32}}},"8":{"name":"rank","line":41,"loc":{"start":{"line":41,"column":4},"end":{"line":41,"column":32}}},"9":{"name":"(anonymous_9)","line":42,"loc":{"start":{"line":42,"column":33},"end":{"line":42,"column":49}}},"10":{"name":"by_ascending_score","line":53,"loc":{"start":{"line":53,"column":4},"end":{"line":53,"column":38}}},"11":{"name":"by_winning_score","line":57,"loc":{"start":{"line":57,"column":4},"end":{"line":57,"column":38}}},"12":{"name":"macro_signatures","line":61,"loc":{"start":{"line":61,"column":4},"end":{"line":61,"column":38}}}},"statementMap":{"1":{"start":{"line":3,"column":0},"end":{"line":3,"column":76}},"2":{"start":{"line":4,"column":0},"end":{"line":4,"column":60}},"3":{"start":{"line":5,"column":0},"end":{"line":5,"column":48}},"4":{"start":{"line":6,"column":0},"end":{"line":6,"column":27}},"5":{"start":{"line":9,"column":0},"end":{"line":66,"column":2}},"6":{"start":{"line":11,"column":4},"end":{"line":11,"column":21}},"7":{"start":{"line":13,"column":4},"end":{"line":17,"column":6}},"8":{"start":{"line":14,"column":8},"end":{"line":14,"column":90}},"9":{"start":{"line":14,"column":28},"end":{"line":14,"column":90}},"10":{"start":{"line":15,"column":8},"end":{"line":15,"column":162}},"11":{"start":{"line":15,"column":28},"end":{"line":15,"column":162}},"12":{"start":{"line":16,"column":8},"end":{"line":16,"column":66}},"13":{"start":{"line":19,"column":4},"end":{"line":23,"column":6}},"14":{"start":{"line":20,"column":8},"end":{"line":20,"column":78}},"15":{"start":{"line":20,"column":28},"end":{"line":20,"column":78}},"16":{"start":{"line":21,"column":8},"end":{"line":21,"column":137}},"17":{"start":{"line":21,"column":28},"end":{"line":21,"column":137}},"18":{"start":{"line":22,"column":8},"end":{"line":22,"column":29}},"19":{"start":{"line":25,"column":4},"end":{"line":27,"column":5}},"20":{"start":{"line":26,"column":8},"end":{"line":26,"column":36}},"21":{"start":{"line":29,"column":4},"end":{"line":31,"column":5}},"22":{"start":{"line":30,"column":8},"end":{"line":30,"column":81}},"23":{"start":{"line":33,"column":4},"end":{"line":35,"column":6}},"24":{"start":{"line":34,"column":8},"end":{"line":34,"column":32}},"25":{"start":{"line":37,"column":4},"end":{"line":39,"column":5}},"26":{"start":{"line":38,"column":8},"end":{"line":38,"column":87}},"27":{"start":{"line":41,"column":4},"end":{"line":51,"column":5}},"28":{"start":{"line":42,"column":8},"end":{"line":50,"column":36}},"29":{"start":{"line":43,"column":12},"end":{"line":49,"column":14}},"30":{"start":{"line":53,"column":4},"end":{"line":55,"column":5}},"31":{"start":{"line":54,"column":8},"end":{"line":54,"column":40}},"32":{"start":{"line":57,"column":4},"end":{"line":59,"column":5}},"33":{"start":{"line":58,"column":8},"end":{"line":58,"column":53}},"34":{"start":{"line":61,"column":4},"end":{"line":63,"column":5}},"35":{"start":{"line":62,"column":8},"end":{"line":62,"column":39}},"36":{"start":{"line":65,"column":4},"end":{"line":65,"column":26}},"37":{"start":{"line":68,"column":0},"end":{"line":68,"column":29}}},"branchMap":{"1":{"line":14,"type":"if","locations":[{"start":{"line":14,"column":8},"end":{"line":14,"column":8}},{"start":{"line":14,"column":8},"end":{"line":14,"column":8}}]},"2":{"line":15,"type":"if","locations":[{"start":{"line":15,"column":8},"end":{"line":15,"column":8}},{"start":{"line":15,"column":8},"end":{"line":15,"column":8}}]},"3":{"line":20,"type":"if","locations":[{"start":{"line":20,"column":8},"end":{"line":20,"column":8}},{"start":{"line":20,"column":8},"end":{"line":20,"column":8}}]},"4":{"line":21,"type":"if","locations":[{"start":{"line":21,"column":8},"end":{"line":21,"column":8}},{"start":{"line":21,"column":8},"end":{"line":21,"column":8}}]},"5":{"line":30,"type":"binary-expr","locations":[{"start":{"line":30,"column":16},"end":{"line":30,"column":34}},{"start":{"line":30,"column":39},"end":{"line":30,"column":80}}]}},"code":["\"use strict\";","","var LevenshteinDistanceScore = require('./scores/LevenshteinDistanceScore');","var SameLibraryScore = require('./scores/SameLibraryScore');","var MultiScore = require('./scores/MultiScore');","var $ = require('./Array');","","// Understands appropriateness of macros in relation to a specific step","var Competition = function(step, macros, last_macro) {","","    var results = [];","","    this.validate = function() {","        if (is_undefined()) return { step: step, valid: false, reason: 'Undefined Step' };","        if (is_ambiguous()) return { step: step, valid: false, reason: 'Ambiguous Step (Patterns [' + winning_patterns() + '] are all equally good candidates)' };","        return { step: step, valid: true, winner: this.winner() };","    };","","    this.clear_winner = function() {","        if (is_undefined()) throw new Error('Undefined Step: [' + step + ']');","        if (is_ambiguous()) throw new Error('Ambiguous Step: [' + step + ']. Patterns [' + winning_patterns() + '] match equally well.');","        return this.winner();","    };","","    function is_undefined() {","        return results.length === 0;","    }","","    function is_ambiguous() {","        return (results.length > 1) && results[0].score.equals(results[1].score);","    }","","    this.winner = function() {","        return results[0].macro;","    };","","    function winning_patterns() {","        return results.find_all(by_winning_score).collect(macro_signatures).join(', ');","    }","","    function rank(step, macros) {","        results = macros.collect(function(macro) {","            return {","                macro: macro,","                score: new MultiScore([","                    new LevenshteinDistanceScore(step, macro.levenshtein_signature()),","                    new SameLibraryScore(macro, last_macro)","                ])","            };","        }).sort(by_ascending_score);","    }","","    function by_ascending_score(a, b) {","        return b.score.compare(a.score);","    }","","    function by_winning_score(result) {","        return result.score.equals(results[0].score);","    }","","    function macro_signatures(result) {","        return result.macro.toString();","    }","","    rank(step, $(macros));","};","","module.exports = Competition;",""],"l":{"3":1,"4":1,"5":1,"6":1,"9":1,"11":0,"13":0,"14":0,"15":0,"16":0,"19":0,"20":0,"21":0,"22":0,"25":1,"26":0,"29":1,"30":0,"33":0,"34":0,"37":1,"38":0,"41":1,"42":0,"43":0,"53":1,"54":0,"57":1,"58":0,"61":1,"62":0,"65":0,"68":1}},"/home/travis/build/npmtest/node-npmtest-yadda/node_modules/yadda/lib/scores/LevenshteinDistanceScore.js":{"path":"/home/travis/build/npmtest/node-npmtest-yadda/node_modules/yadda/lib/scores/LevenshteinDistanceScore.js","s":{"1":1,"2":0,"3":0,"4":0,"5":0,"6":0,"7":0,"8":0,"9":0,"10":0,"11":0,"12":0,"13":0,"14":0,"15":0,"16":0,"17":0,"18":0,"19":0,"20":0,"21":0,"22":0,"23":0,"24":0,"25":0,"26":0,"27":0,"28":0,"29":0,"30":0,"31":0,"32":0,"33":0,"34":0,"35":0,"36":0,"37":0,"38":0,"39":1},"b":{"1":[0,0],"2":[0,0],"3":[0,0],"4":[0,0]},"f":{"1":0,"2":0,"3":0,"4":0,"5":0},"fnMap":{"1":{"name":"(anonymous_1)","line":4,"loc":{"start":{"line":4,"column":31},"end":{"line":4,"column":48}}},"2":{"name":"(anonymous_2)","line":11,"loc":{"start":{"line":11,"column":21},"end":{"line":11,"column":32}}},"3":{"name":"(anonymous_3)","line":39,"loc":{"start":{"line":39,"column":16},"end":{"line":39,"column":27}}},"4":{"name":"(anonymous_4)","line":59,"loc":{"start":{"line":59,"column":19},"end":{"line":59,"column":35}}},"5":{"name":"(anonymous_5)","line":63,"loc":{"start":{"line":63,"column":18},"end":{"line":63,"column":34}}}},"statementMap":{"1":{"start":{"line":4,"column":0},"end":{"line":70,"column":2}},"2":{"start":{"line":6,"column":4},"end":{"line":6,"column":15}},"3":{"start":{"line":7,"column":4},"end":{"line":7,"column":43}},"4":{"start":{"line":8,"column":4},"end":{"line":8,"column":23}},"5":{"start":{"line":9,"column":4},"end":{"line":9,"column":21}},"6":{"start":{"line":11,"column":4},"end":{"line":37,"column":6}},"7":{"start":{"line":13,"column":8},"end":{"line":13,"column":26}},"8":{"start":{"line":14,"column":8},"end":{"line":14,"column":26}},"9":{"start":{"line":16,"column":8},"end":{"line":16,"column":42}},"10":{"start":{"line":19,"column":8},"end":{"line":21,"column":9}},"11":{"start":{"line":20,"column":12},"end":{"line":20,"column":49}},"12":{"start":{"line":23,"column":8},"end":{"line":27,"column":9}},"13":{"start":{"line":24,"column":12},"end":{"line":26,"column":13}},"14":{"start":{"line":25,"column":16},"end":{"line":25,"column":41}},"15":{"start":{"line":29,"column":8},"end":{"line":31,"column":9}},"16":{"start":{"line":30,"column":12},"end":{"line":30,"column":37}},"17":{"start":{"line":33,"column":8},"end":{"line":35,"column":9}},"18":{"start":{"line":34,"column":12},"end":{"line":34,"column":37}},"19":{"start":{"line":39,"column":4},"end":{"line":57,"column":6}},"20":{"start":{"line":42,"column":8},"end":{"line":42,"column":46}},"21":{"start":{"line":42,"column":23},"end":{"line":42,"column":46}},"22":{"start":{"line":44,"column":8},"end":{"line":55,"column":9}},"23":{"start":{"line":45,"column":12},"end":{"line":54,"column":13}},"24":{"start":{"line":46,"column":16},"end":{"line":53,"column":17}},"25":{"start":{"line":47,"column":20},"end":{"line":47,"column":68}},"26":{"start":{"line":49,"column":20},"end":{"line":49,"column":62}},"27":{"start":{"line":50,"column":20},"end":{"line":50,"column":63}},"28":{"start":{"line":51,"column":20},"end":{"line":51,"column":64}},"29":{"start":{"line":52,"column":20},"end":{"line":52,"column":91}},"30":{"start":{"line":56,"column":8},"end":{"line":56,"column":59}},"31":{"start":{"line":59,"column":4},"end":{"line":61,"column":6}},"32":{"start":{"line":60,"column":8},"end":{"line":60,"column":40}},"33":{"start":{"line":63,"column":4},"end":{"line":66,"column":6}},"34":{"start":{"line":64,"column":8},"end":{"line":64,"column":33}},"35":{"start":{"line":64,"column":20},"end":{"line":64,"column":33}},"36":{"start":{"line":65,"column":8},"end":{"line":65,"column":72}},"37":{"start":{"line":68,"column":4},"end":{"line":68,"column":17}},"38":{"start":{"line":69,"column":4},"end":{"line":69,"column":12}},"39":{"start":{"line":72,"column":0},"end":{"line":72,"column":42}}},"branchMap":{"1":{"line":42,"type":"if","locations":[{"start":{"line":42,"column":8},"end":{"line":42,"column":8}},{"start":{"line":42,"column":8},"end":{"line":42,"column":8}}]},"2":{"line":46,"type":"if","locations":[{"start":{"line":46,"column":16},"end":{"line":46,"column":16}},{"start":{"line":46,"column":16},"end":{"line":46,"column":16}}]},"3":{"line":64,"type":"if","locations":[{"start":{"line":64,"column":8},"end":{"line":64,"column":8}},{"start":{"line":64,"column":8},"end":{"line":64,"column":8}}]},"4":{"line":65,"type":"binary-expr","locations":[{"start":{"line":65,"column":16},"end":{"line":65,"column":40}},{"start":{"line":65,"column":44},"end":{"line":65,"column":70}}]}},"code":["\"use strict\";","","// Understands similarity of two strings","var LevenshteinDistanceScore = function(s1, s2) {","","    this.value;","    this.type = 'LevenshteinDistanceScore';","    var distance_table;","    var _this = this;","","    var initialise = function() {","","        var x = s1.length;","        var y = s2.length;","","        distance_table = new Array(x + 1);","","        /* eslint-disable no-redeclare */","        for (var i = 0; i <= x; i++) {","            distance_table[i] = new Array(y + 1);","        }","","        for (var i = 0; i <= x; i++) {","            for (var j = 0; j <= y; j++) {","                distance_table[i][j] = 0;","            }","        }","","        for (var i = 0; i <= x; i++) {","            distance_table[i][0] = i;","        }","","        for (var j = 0; j <= y; j++) {","            distance_table[0][j] = j;","        }","        /* eslint-enable no-redeclare */","    };","","    var score = function() {","","        // eslint-disable-next-line no-return-assign","        if (s1 === s2) return _this.value = 0;","","        for (var j = 0; j < s2.length; j++) {","            for (var i = 0; i < s1.length; i++) {","                if (s1[i] === s2[j]) {","                    distance_table[i+1][j+1] = distance_table[i][j];","                } else {","                    var deletion = distance_table[i][j+1] + 1;","                    var insertion = distance_table[i+1][j] + 1;","                    var substitution = distance_table[i][j] + 1;","                    distance_table[i+1][j+1] = Math.min(substitution, deletion, insertion);","                }","            }","        }","        _this.value = distance_table[s1.length][s2.length];","    };","","    this.compare = function(other) {","        return other.value - this.value;","    };","","    this.equals = function(other) {","        if (!other) return false;","        return (this.type === other.type && this.value === other.value);","    };","","    initialise();","    score();","};","","module.exports = LevenshteinDistanceScore;",""],"l":{"4":1,"6":0,"7":0,"8":0,"9":0,"11":0,"13":0,"14":0,"16":0,"19":0,"20":0,"23":0,"24":0,"25":0,"29":0,"30":0,"33":0,"34":0,"39":0,"42":0,"44":0,"45":0,"46":0,"47":0,"49":0,"50":0,"51":0,"52":0,"56":0,"59":0,"60":0,"63":0,"64":0,"65":0,"68":0,"69":0,"72":1}},"/home/travis/build/npmtest/node-npmtest-yadda/node_modules/yadda/lib/scores/SameLibraryScore.js":{"path":"/home/travis/build/npmtest/node-npmtest-yadda/node_modules/yadda/lib/scores/SameLibraryScore.js","s":{"1":1,"2":0,"3":0,"4":0,"5":0,"6":0,"7":0,"8":0,"9":0,"10":1},"b":{"1":[0,0],"2":[0,0],"3":[0,0]},"f":{"1":0,"2":0,"3":0},"fnMap":{"1":{"name":"(anonymous_1)","line":3,"loc":{"start":{"line":3,"column":23},"end":{"line":3,"column":40}}},"2":{"name":"(anonymous_2)","line":8,"loc":{"start":{"line":8,"column":19},"end":{"line":8,"column":35}}},"3":{"name":"(anonymous_3)","line":12,"loc":{"start":{"line":12,"column":18},"end":{"line":12,"column":34}}}},"statementMap":{"1":{"start":{"line":3,"column":0},"end":{"line":16,"c
[...]
lumn":43}},"49":{"start":{"line":86,"column":4},"end":{"line":86,"column":36}},"50":{"start":{"line":87,"column":4},"end":{"line":87,"column":41}},"51":{"start":{"line":89,"column":4},"end":{"line":94,"column":6}},"52":{"start":{"line":90,"column":8},"end":{"line":90,"column":49}},"53":{"start":{"line":91,"column":8},"end":{"line":91,"column":78}},"54":{"start":{"line":92,"column":8},"end":{"line":92,"column":31}},"55":{"start":{"line":93,"column":8},"end":{"line":93,"column":60}},"56":{"start":{"line":96,"column":4},"end":{"line":114,"column":6}},"57":{"start":{"line":99,"column":12},"end":{"line":99,"column":81}},"58":{"start":{"line":100,"column":12},"end":{"line":100,"column":46}},"59":{"start":{"line":103,"column":12},"end":{"line":107,"column":21}},"60":{"start":{"line":104,"column":16},"end":{"line":104,"column":53}},"61":{"start":{"line":106,"column":16},"end":{"line":106,"column":79}},"62":{"start":{"line":110,"column":12},"end":{"line":110,"column":38}},"63":{"start":{"line":111,"column":12},"end":{"line":111,"column":119}},"64":{"start":{"line":111,"column":58},"end":{"line":111,"column":119}},"65":{"start":{"line":112,"column":12},"end":{"line":112,"column":76}},"66":{"start":{"line":116,"column":4},"end":{"line":118,"column":6}},"67":{"start":{"line":117,"column":8},"end":{"line":117,"column":35}},"68":{"start":{"line":120,"column":4},"end":{"line":130,"column":6}},"69":{"start":{"line":123,"column":12},"end":{"line":123,"column":52}},"70":{"start":{"line":125,"column":12},"end":{"line":125,"column":43}},"71":{"start":{"line":126,"column":12},"end":{"line":126,"column":40}},"72":{"start":{"line":127,"column":12},"end":{"line":127,"column":23}},"73":{"start":{"line":128,"column":12},"end":{"line":128,"column":36}},"74":{"start":{"line":132,"column":4},"end":{"line":132,"column":33}}},"branchMap":{"1":{"line":37,"type":"if","locations":[{"start":{"line":37,"column":12},"end":{"line":37,"column":12}},{"start":{"line":37,"column":12},"end":{"line":37,"column":12}}]},"2":{"line":38,"type":"if","locations":[{"start":{"line":38,"column":12},"end":{"line":38,"column":12}},{"start":{"line":38,"column":12},"end":{"line":38,"column":12}}]},"3":{"line":59,"type":"if","locations":[{"start":{"line":59,"column":12},"end":{"line":59,"column":12}},{"start":{"line":59,"column":12},"end":{"line":59,"column":12}}]},"4":{"line":63,"type":"binary-expr","locations":[{"start":{"line":63,"column":19},"end":{"line":63,"column":36}},{"start":{"line":63,"column":40},"end":{"line":63,"column":88}}]},"5":{"line":67,"type":"binary-expr","locations":[{"start":{"line":67,"column":19},"end":{"line":67,"column":41}},{"start":{"line":67,"column":45},"end":{"line":67,"column":103}}]},"6":{"line":74,"type":"if","locations":[{"start":{"line":74,"column":12},"end":{"line":74,"column":12}},{"start":{"line":74,"column":12},"end":{"line":74,"column":12}}]},"7":{"line":77,"type":"if","locations":[{"start":{"line":77,"column":16},"end":{"line":77,"column":16}},{"start":{"line":77,"column":16},"end":{"line":77,"column":16}}]},"8":{"line":111,"type":"if","locations":[{"start":{"line":111,"column":12},"end":{"line":111,"column":12}},{"start":{"line":111,"column":12},"end":{"line":111,"column":12}}]}},"code":["","module.exports = (function() {","    \"use strict\";","","    var path = require(\"./karma-path\");","","    function absolutePath(relativePath) {","        return path.resolve(path.normalize(relativePath.split(\"\\\\\").join(\"/\")));","    }","","    var KarmaFileSystem = function() {","        this.registry = new KarmaPathRegistry();","        this.converter = new KarmaUriPathConverter(\"/base/\", \"/\");","        this.reader = new KarmaFileReader(this.converter);","","        var servedUris = Object.keys(window.__karma__.files);","        var servedFiles = this.converter.parseUris(servedUris);","        servedFiles.forEach(this.registry.addFile, this.registry);","    };","    KarmaFileSystem.prototype = {","        constructor: KarmaFileSystem,","        workingDirectory: \"/\",","        existsSync: function(path) {","            return this.registry.exists(path);","        },","        readdirSync: function(path) {","            return this.registry.getContent(path);","        },","        statSync: function(path) {","            return {","                isDirectory: function() {","                    return this.registry.isDirectory(path);","                }.bind(this)","            };","        },","        readFileSync: function(file, encoding) {","            if (encoding !== \"utf8\") throw new Error(\"This fs.readFileSync() shim does not support other than utf8 encoding.\");","            if (!this.registry.isFile(file)) throw new Error(\"File does not exist: \" + file);","            return this.reader.readFile(file);","        }","    };","","    var KarmaPathRegistry = function KarmaPathRegistry() {","        this.paths = {};","    };","","    KarmaPathRegistry.prototype = {","        constructor: KarmaPathRegistry,","        addFile: function(file) {","            file = absolutePath(file);","            this.paths[file] = KarmaPathRegistry.TYPE_FILE;","            var parentDirectory = path.dirname(file);","            this.addDirectory(parentDirectory);","        },","        addDirectory: function(directory) {","            directory = absolutePath(directory);","            this.paths[directory] = KarmaPathRegistry.TYPE_DIRECTORY;","            var parentDirectory = path.dirname(directory);","            if (parentDirectory !== directory) this.addDirectory(parentDirectory);","        },","        isFile: function(file) {","            file = absolutePath(file);","            return this.exists(file) && this.paths[file] === KarmaPathRegistry.TYPE_FILE;","        },","        isDirectory: function(directory) {","            directory = absolutePath(directory);","            return this.exists(directory) && this.paths[directory] === KarmaPathRegistry.TYPE_DIRECTORY;","        },","        exists: function(node) {","            node = absolutePath(node);","            return this.paths.hasOwnProperty(node);","        },","        getContent: function(directory) {","            if (!this.isDirectory(directory)) throw new Error(\"Not a directory: \" + directory);","            directory = absolutePath(directory);","            return Object.keys(this.paths).filter(function(node) {","                if (node === directory) return false;","                var parentDirectory = path.dirname(node);","                return parentDirectory === directory;","            }, this).map(function(node) {","                return path.basename(node);","            });","        }","    };","","    KarmaPathRegistry.TYPE_FILE = 0;","    KarmaPathRegistry.TYPE_DIRECTORY = 1;","","    var KarmaUriPathConverter = function KarmaUriPathConverter(baseUri, workingDirectory) {","        this.workingDirectory = workingDirectory;","        this.workingDirectoryPattern = this.patternFromBase(workingDirectory);","        this.baseUri = baseUri;","        this.baseUriPattern = this.patternFromBase(baseUri);","    };","","    KarmaUriPathConverter.prototype = {","        constructor: KarmaUriPathConverter,","        patternFromBase: function(string, flags) {","            var pattern = \"^\" + string.replace(/[-\\/\\\\^$*+?.()|[\\]{}]/g, '\\\\$&');","            return new RegExp(pattern, flags);","        },","        parseUris: function(uris) {","            return uris.filter(function(uri) {","                return this.baseUriPattern.test(uri);","            }, this).map(function(uri) {","                return uri.replace(this.baseUriPattern, this.workingDirectory);","            }, this);","        },","        buildUri: function(file) {","            file = absolutePath(file);","            if (!this.workingDirectoryPattern.test(file)) throw new Error(\"Path is not in working directory: \" + file);","            return file.replace(this.workingDirectoryPattern, this.baseUri);","        }","    };","","    var KarmaFileReader = function KarmaFileReader(converter) {","        this.converter = converter;","    };","","    KarmaFileReader.prototype = {","        constructor: KarmaFileReader,","        readFile: function(file) {","            var uri = this.converter.buildUri(file);","            // eslint-disable-next-line no-undef","            var xhr = new XMLHttpRequest();","            xhr.open(\"get\", uri, false);","            xhr.send();","            return xhr.responseText;","        }","    };","","    return new KarmaFileSystem();","})();",""],"l":{"2":4,"5":4,"7":1,"8":0,"11":4,"12":4,"13":4,"14":4,"16":4,"17":0,"18":0,"20":4,"24":0,"27":0,"30":0,"32":0,"37":0,"38":0,"39":0,"43":4,"44":4,"47":4,"50":0,"51":0,"52":0,"53":0,"56":0,"57":0,"58":0,"59":0,"62":0,"63":0,"66":0,"67":0,"70":0,"71":0,"74":0,"75":0,"76":0,"77":0,"78":0,"79":0,"81":0,"86":4,"87":4,"89":4,"90":4,"91":4,"92":4,"93":4,"96":4,"99":8,"100":8,"103":0,"104":0,"106":0,"110":0,"111":0,"112":0,"116":4,"117":4,"120":4,"123":0,"125":0,"126":0,"127":0,"128":0,"132":4}},"/home/travis/build/npmtest/node-npmtest-yadda/node_modules/yadda/lib/shims/karma-path.js":{"path":"/home/travis/build/npmtest/node-npmtest-yadda/node_modules/yadda/lib/shims/karma-path.js","s":{"1":1,"2":1,"3":1,"4":1,"5":0,"6":1,"7":0,"8":1},"b":{"1":[0,1],"2":[1,1]},"f":{"1":1},"fnMap":{"1":{"name":"(anonymous_1)","line":2,"loc":{"start":{"line":2,"column":18},"end":{"line":2,"column":30}}}},"statementMap":{"1":{"start":{"line":2,"column":0},"end":{"line":19,"column":5}},"2":{"start":{"line":6,"column":4},"end":{"line":6,"column":18}},"3":{"start":{"line":8,"column":4},"end":{"line":12,"column":5}},"4":{"start":{"line":9,"column":8},"end":{"line":9,"column":31}},"5":{"start":{"line":11,"column":8},"end":{"line":11,"column":113}},"6":{"start":{"line":14,"column":4},"end":{"line":15,"column":109}},"7":{"start":{"line":15,"column":8},"end":{"line":15,"column":109}},"8":{"start":{"line":17,"column":4},"end":{"line":17,"column":16}}},"branchMap":{"1":{"line":14,"type":"if","locations":[{"start":{"line":14,"column":4},"end":{"line":14,"column":4}},{"start":{"line":14,"column":4},"end":{"line":14,"column":4}}]},"2":{"line":14,"type":"binary-expr","locations":[{"start":{"line":14,"column":8},"end":{"line":14,"column":44}},{"start":{"line":14,"column":48},"end":{"line":14,"column":82}}]}},"code":["","module.exports = (function () {","","    \"use strict\";","","    var path = {};","","    try {","        path = require('path');","    } catch (e) {","        throw new Error(\"The environment does not support the path module, it's probably not using browserify.\");","    }","","    if (typeof path.normalize !== \"function\" || typeof path.dirname !== \"function\")","        throw new Error(\"The path module emulation does not contain implementations of required functions.\");","","    return path;","","})();",""],"l":{"2":1,"6":1,"8":1,"9":1,"11":0,"14":1,"15":0,"17":1}},"/home/travis/build/npmtest/node-npmtest-yadda/node_modules/yadda/lib/shims/karma-process.js":{"path":"/home/travis/build/npmtest/node-npmtest-yadda/node_modules/yadda/lib/shims/karma-process.js","s":{"1":2,"2":2,"3":0,"4":0,"5":0,"6":0},"b":{},"f":{"1":2,"2":0},"fnMap":{"1":{"name":"(anonymous_1)","line":2,"loc":{"start":{"line":2,"column":18},"end":{"line":2,"column":29}}},"2":{"name":"(anonymous_2)","line":9,"loc":{"start":{"line":9,"column":18},"end":{"line":9,"column":29}}}},"statementMap":{"1":{"start":{"line":2,"column":0},"end":{"line":15,"column":5}},"2":{"start":{"line":6,"column":4},"end":{"line":6,"column":35}},"3":{"start":{"line":7,"column":4},"end":{"line":7,"column":21}},"4":{"start":{"line":9,"column":4},"end":{"line":11,"column":6}},"5":{"start":{"line":10,"column":8},"end":{"line":10,"column":35}},"6":{"start":{"line":13,"column":4},"end":{"line":13,"column":19}}},"branchMap":{},"code":["","module.exports = (function() {","","    \"use strict\";","","    var fs = require(\"./karma-fs\");","    var process = {};","","    process.cwd = function() {","        return fs.workingDirectory;","    };","","    return process;","","})();",""],"l":{"2":2,"6":2,"7":0,"9":0,"10":0,"13":0}},"/home/travis/build/npmtest/node-npmtest-yadda/node_modules/yadda/lib/shims/phantom-fs.js":{"path":"/home/travis/build/npmtest/node-npmtest-yadda/node_modules/yadda/lib/shims/phantom-fs.js","s":{"1":1,"2":1,"3":0,"4":1,"5":1,"6":1,"7":0,"8":0,"9":1,"10":0,"11":0,"12":1},"b":{"1":[0,1],"2":[1,0],"3":[1,0],"4":[0,0],"5":[1,0]},"f":{"1":1,"2":0,"3":0,"4":0,"5":0},"fnMap":{"1":{"name":"(anonymous_1)","line":3,"loc":{"start":{"line":3,"column":18},"end":{"line":3,"column":29}}},"2":{"name":"(anonymous_2)","line":10,"loc":{"start":{"line":10,"column":39},"end":{"line":10,"column":54}}},"3":{"name":"(anonymous_3)","line":11,"loc":{"start":{"line":11,"column":36},"end":{"line":11,"column":51}}},"4":{"name":"(anonymous_4)","line":16,"loc":{"start":{"line":16,"column":33},"end":{"line":16,"column":48}}},"5":{"name":"(anonymous_5)","line":18,"loc":{"start":{"line":18,"column":25},"end":{"line":18,"column":36}}}},"statementMap":{"1":{"start":{"line":3,"column":0},"end":{"line":25,"column":5}},"2":{"start":{"line":4,"column":4},"end":{"line":4,"column":33}},"3":{"start":{"line":4,"column":23},"end":{"line":4,"column":33}},"4":{"start":{"line":6,"column":4},"end":{"line":6,"column":27}},"5":{"start":{"line":8,"column":4},"end":{"line":8,"column":47}},"6":{"start":{"line":10,"column":4},"end":{"line":14,"column":6}},"7":{"start":{"line":11,"column":8},"end":{"line":13,"column":11}},"8":{"start":{"line":12,"column":12},"end":{"line":12,"column":49}},"9":{"start":{"line":16,"column":4},"end":{"line":22,"column":6}},"10":{"start":{"line":17,"column":8},"end":{"line":21,"column":10}},"11":{"start":{"line":19,"column":16},"end":{"line":19,"column":44}},"12":{"start":{"line":24,"column":4},"end":{"line":24,"column":14}}},"branchMap":{"1":{"line":4,"type":"if","locations":[{"start":{"line":4,"column":4},"end":{"line":4,"column":4}},{"start":{"line":4,"column":4},"end":{"line":4,"column":4}}]},"2":{"line":8,"type":"binary-expr","locations":[{"start":{"line":8,"column":20},"end":{"line":8,"column":33}},{"start":{"line":8,"column":37},"end":{"line":8,"column":46}}]},"3":{"line":10,"type":"binary-expr","locations":[{"start":{"line":10,"column":21},"end":{"line":10,"column":35}},{"start":{"line":10,"column":39},"end":{"line":14,"column":5}}]},"4":{"line":12,"type":"binary-expr","locations":[{"start":{"line":12,"column":19},"end":{"line":12,"column":31}},{"start":{"line":12,"column":35},"end":{"line":12,"column":48}}]},"5":{"line":16,"type":"binary-expr","locations":[{"start":{"line":16,"column":18},"end":{"line":16,"column":29}},{"start":{"line":16,"column":33},"end":{"line":22,"column":5}}]}},"code":["\"use strict\";","","module.exports = (function() {","    if (module.client) return {}; // Running in browser, not via node","","    var fs = require('fs');","","    fs.existsSync = fs.existsSync || fs.exists;","","    fs.readdirSync = fs.readdirSync || function(path) {","        return fs.list(path).filter(function(name) {","            return name !== '.' && name !== '..';","        });","    };","","    fs.statSync = fs.statSync || function(path) {","        return {","            isDirectory: function() {","                return fs.isDirectory(path);","            }","        };","    };","","    return fs;","})();",""],"l":{"3":1,"4":1,"6":1,"8":1,"10":1,"11":0,"12":0,"16":1,"17":0,"19":0,"24":1}},"/home/travis/build/npmtest/node-npmtest-yadda/node_modules/yadda/lib/shims/phantom-path.js":{"path":"/home/travis/build/npmtest/node-npmtest-yadda/node_modules/yadda/lib/shims/phantom-path.js","s":{"1":1,"2":1,"3":0,"4":1,"5":1,"6":1,"7":1,"8":1,"9":0,"10":1,"11":0,"12":1},"b":{"1":[0,1],"2":[1,0],"3":[1,0]},"f":{"1":1,"2":0,"3":0},"fnMap":{"1":{"name":"(anonymous_1)","line":4,"loc":{"start":{"line":4,"column":18},"end":{"line":4,"column":29}}},"2":{"name":"(anonymous_2)","line":16,"loc":{"start":{"line":16,"column":29},"end":{"line":16,"column":40}}},"3":{"name":"(anonymous_3)","line":20,"loc":{"start":{"line":20,"column":37},"end":{"line":20,"column":56}}}},"statementMap":{"1":{"start":{"line":4,"column":0},"end":{"line":26,"column":5}},"2":{"start":{"line":5,"column":4},"end":{"line":5,"column":33}},"3":{"start":{"line":5,"column":23},"end":{"line":5,"column":33}},"4":{"start":{"line":7,"column":4},"end":{"line":7,"column":27}},"5":{"start":{"line":8,"column":4},"end":{"line":8,"column":18}},"6":{"start":{"line":10,"column":4},"end":{"line":14,"column":5}},"7":{"start":{"line":11,"column":8},"end":{"line":11,"column":31}},"8":{"start":{"line":16,"column":4},"end":{"line":18,"column":6}},"9":{"start":{"line":17,"column":8},"end":{"line":17,"column":66}},"10":{"start":{"line":20,"column":4},"end":{"line":22,"column":6}},"11":{"start":{"line":21,"column":8},"end":{"line":21,"column":40}},"12":{"start":{"line":24,"column":4},"end":{"line":24,"column":16}}},"branchMap":{"1":{"line":5,"type":"if","locations":[{"start":{"line":5,"column":4},"end":{"line":5,"column":4}},{"start":{"line":5,"column":4},"end":{"line":5,"column":4}}]},"2":{"line":16,"type":"binary-expr","locations":[{"start":{"line":16,"column":16},"end":{"line":16,"column":25}},{"start":{"line":16,"column":29},"end":{"line":18,"column":5}}]},"3":{"line":20,"type":"binary-expr","locations":[{"start":{"line":20,"column":20},"end":{"line":20,"column":33}},{"start":{"line":20,"column":37},"end":{"line":22,"column":5}}]}},"code":["","\"use strict\";","","module.exports = (function() {","    if (module.client) return {}; // Running in browser, not via node","","    var fs = require('fs');","    var path = {};","","    try {","        path = require('path');","    } catch (e) {","        // meh","    }","","    path.join = path.join || function() {","        return Array.prototype.join.call(arguments, fs.separator);","    };","","    path.relative = path.relative || function(from, to) {","        return from + fs.separator + to;","    };","","    return path;","","})();",""],"l":{"4":1,"5":1,"7":1,"8":1,"10":1,"11":1,"16":1,"17":0,"20":1,"21":0,"24":1}},"/home/travis/build/npmtest/node-npmtest-yadda/node_modules/yadda/lib/shims/phantom-process.js":{"path":"/home/travis/build/npmtest/node-npmtest-yadda/node_modules/yadda/lib/shims/phantom-process.js","s":{"1":1,"2":1,"3":0,"4":1,"5":1,"6":1,"7":0,"8":1},"b":{"1":[0,1],"2":[0,1]},"f":{"1":1,"2":0},"fnMap":{"1":{"name":"(anonymous_1)","line":3,"loc":{"start":{"line":3,"column":18},"end":{"line":3,"column":29}}},"2":{"name":"(anonymous_2)","line":9,"loc":{"start":{"line":9,"column":18},"end":{"line":9,"column":29}}}},"statementMap":{"1":{"start":{"line":3,"column":0},"end":{"line":15,"column":5}},"2":{"start":{"line":4,"column":4},"end":{"line":4,"column":33}},"3":{"start":{"line":4,"column":23},"end":{"line":4,"column":33}},"4":{"start":{"line":6,"column":4},"end":{"line":6,"column":27}},"5":{"start":{"line":7,"column":4},"end":{"line":7,"column":64}},"6":{"start":{"line":9,"column":4},"end":{"line":11,"column":6}},"7":{"start":{"line":10,"column":8},"end":{"line":10,"column":35}},"8":{"start":{"line":13,"column":4},"end":{"line":13,"column":19}}},"branchMap":{"1":{"line":4,"type":"if","locations":[{"start":{"line":4,"column":4},"end":{"line":4,"column":4}},{"start":{"line":4,"column":4},"end":{"line":4,"column":4}}]},"2":{"line":7,"type":"cond-expr","locations":[{"start":{"line":7,"column":51},"end":{"line":7,"column":58}},{"start":{"line":7,"column":61},"end":{"line":7,"column":63}}]}},"code":["\"use strict\";","","module.exports = (function() {","    if (module.client) return {}; // Running in browser, not via node","","    var fs = require('fs');","    var process = typeof process !== 'undefined' ? process : {};","","    process.cwd = function() {","        return fs.workingDirectory;","    };","","    return process;","","})();",""],"l":{"3":1,"4":1,"6":1,"7":1,"9":1,"10":0,"13":1}}}